Using pre-set license
Built from '2021.3/staging' branch; Version is '2021.3.8f1 (b30333d56e81) revision 11731763'; Using compiler version '192829333'; Build Type 'Release'
OS: 'Windows 10  (10.0.19044) 64bit Professional' Language: 'pt' Physical Memory: 16334 MB
BatchMode: 1, IsHumanControllingUs: 0, StartBugReporterOnCrash: 0, Is64bit: 1, IsPro: 1

COMMAND LINE ARGUMENTS:
C:\Program Files\Unity\Hub\Editor\2021.3.8f1\Editor\Unity.exe
-adb2
-batchMode
-noUpm
-name
AssetImportWorker2
-projectPath
C:/Users/Anderson/Documents/Aulas de Programação/Unity/Primeiro Jogo/LongeDeCasa
-logFile
Logs/AssetImportWorker2.log
-srvPort
53714
Successfully changed project path to: C:/Users/Anderson/Documents/Aulas de Programação/Unity/Primeiro Jogo/LongeDeCasa
C:/Users/Anderson/Documents/Aulas de Programação/Unity/Primeiro Jogo/LongeDeCasa
[UnityMemory] Configuration Parameters - Can be set up in boot.config
    "memorysetup-bucket-allocator-granularity=16"
    "memorysetup-bucket-allocator-bucket-count=8"
    "memorysetup-bucket-allocator-block-size=33554432"
    "memorysetup-bucket-allocator-block-count=8"
    "memorysetup-main-allocator-block-size=16777216"
    "memorysetup-thread-allocator-block-size=16777216"
    "memorysetup-gfx-main-allocator-block-size=16777216"
    "memorysetup-gfx-thread-allocator-block-size=16777216"
    "memorysetup-cache-allocator-block-size=4194304"
    "memorysetup-typetree-allocator-block-size=2097152"
    "memorysetup-profiler-bucket-allocator-granularity=16"
    "memorysetup-profiler-bucket-allocator-bucket-count=8"
    "memorysetup-profiler-bucket-allocator-block-size=33554432"
    "memorysetup-profiler-bucket-allocator-block-count=8"
    "memorysetup-profiler-allocator-block-size=16777216"
    "memorysetup-profiler-editor-allocator-block-size=1048576"
    "memorysetup-temp-allocator-size-main=16777216"
    "memorysetup-job-temp-allocator-block-size=2097152"
    "memorysetup-job-temp-allocator-block-size-background=1048576"
    "memorysetup-job-temp-allocator-reduction-small-platforms=262144"
    "memorysetup-temp-allocator-size-background-worker=32768"
    "memorysetup-temp-allocator-size-job-worker=262144"
    "memorysetup-temp-allocator-size-preload-manager=33554432"
    "memorysetup-temp-allocator-size-nav-mesh-worker=65536"
    "memorysetup-temp-allocator-size-audio-worker=65536"
    "memorysetup-temp-allocator-size-cloud-worker=32768"
    "memorysetup-temp-allocator-size-gi-baking-worker=262144"
    "memorysetup-temp-allocator-size-gfx=262144"
Refreshing native plugins compatible for Editor in 97.65 ms, found 3 plugins.
Preloading 0 native plugins for Editor in 0.00 ms.
Initialize engine version: 2021.3.8f1 (b30333d56e81)
[Subsystems] Discovering subsystems at path C:/Program Files/Unity/Hub/Editor/2021.3.8f1/Editor/Data/Resources/UnitySubsystems
[Subsystems] Discovering subsystems at path C:/Users/Anderson/Documents/Aulas de Programação/Unity/Primeiro Jogo/LongeDeCasa/Assets
GfxDevice: creating device client; threaded=0; jobified=0
Direct3D:
    Version:  Direct3D 11.0 [level 11.1]
    Renderer: NVIDIA GeForce GTX 1060 6GB (ID=0x1b83)
    Vendor:   NVIDIA
    VRAM:     6052 MB
    Driver:   30.0.15.1215
Initialize mono
Mono path[0] = 'C:/Program Files/Unity/Hub/Editor/2021.3.8f1/Editor/Data/Managed'
Mono path[1] = 'C:/Program Files/Unity/Hub/Editor/2021.3.8f1/Editor/Data/MonoBleedingEdge/lib/mono/unityjit-win32'
Mono config path = 'C:/Program Files/Unity/Hub/Editor/2021.3.8f1/Editor/Data/MonoBleedingEdge/etc'
Using monoOptions --debugger-agent=transport=dt_socket,embedding=1,server=y,suspend=n,address=127.0.0.1:56292
Begin MonoManager ReloadAssembly
Registering precompiled unity dll's ...
Register platform support module: C:/Program Files/Unity/Hub/Editor/2021.3.8f1/Editor/Data/PlaybackEngines/WebGLSupport/UnityEditor.WebGL.Extensions.dll
Register platform support module: C:/Program Files/Unity/Hub/Editor/2021.3.8f1/Editor/Data/PlaybackEngines/WindowsStandaloneSupport/UnityEditor.WindowsStandalone.Extensions.dll
Registered in 0.045425 seconds.
Native extension for WindowsStandalone target not found
Native extension for WebGL target not found
Refreshing native plugins compatible for Editor in 93.91 ms, found 3 plugins.
Preloading 0 native plugins for Editor in 0.00 ms.
Mono: successfully reloaded assembly
- Completed reload, in  0.911 seconds
Domain Reload Profiling:
	ReloadAssembly (912ms)
		BeginReloadAssembly (118ms)
			ExecutionOrderSort (0ms)
			DisableScriptedObjects (0ms)
			BackupInstance (0ms)
			ReleaseScriptingObjects (0ms)
			CreateAndSetChildDomain (1ms)
		EndReloadAssembly (567ms)
			LoadAssemblies (108ms)
			RebuildTransferFunctionScriptingTraits (0ms)
			SetupTypeCache (120ms)
			ReleaseScriptCaches (0ms)
			RebuildScriptCaches (32ms)
			SetupLoadedEditorAssemblies (329ms)
				LogAssemblyErrors (0ms)
				InitializePlatformSupportModulesInManaged (29ms)
				SetLoadedEditorAssemblies (0ms)
				RefreshPlugins (94ms)
				BeforeProcessingInitializeOnLoad (1ms)
				ProcessInitializeOnLoadAttributes (150ms)
				ProcessInitializeOnLoadMethodAttributes (54ms)
				AfterProcessingInitializeOnLoad (0ms)
				EditorAssembliesLoaded (0ms)
			ExecutionOrderSort2 (0ms)
			AwakeInstancesAfterBackupRestoration (0ms)
Platform modules already initialized, skipping
Registering precompiled user dll's ...
Registered in 0.017776 seconds.
Begin MonoManager ReloadAssembly
Symbol file LoadedFromMemory doesn't match image C:\Users\Anderson\Documents\Aulas de Programação\Unity\Primeiro Jogo\LongeDeCasa\Library\PackageCache\com.unity.visualscripting@1.7.8\Editor\VisualScripting.Core\Dependencies\YamlDotNet\Unity.VisualScripting.YamlDotNet.dll
Symbol file LoadedFromMemory doesn't match image C:\Users\Anderson\Documents\Aulas de Programação\Unity\Primeiro Jogo\LongeDeCasa\Library\PackageCache\com.unity.visualscripting@1.7.8\Editor\VisualScripting.Core\Dependencies\DotNetZip\Unity.VisualScripting.IonicZip.dll
Native extension for WindowsStandalone target not found
Native extension for WebGL target not found
Refreshing native plugins compatible for Editor in 0.61 ms, found 3 plugins.
Preloading 0 native plugins for Editor in 0.00 ms.
Mono: successfully reloaded assembly
- Completed reload, in  1.429 seconds
Domain Reload Profiling:
	ReloadAssembly (1430ms)
		BeginReloadAssembly (165ms)
			ExecutionOrderSort (0ms)
			DisableScriptedObjects (7ms)
			BackupInstance (0ms)
			ReleaseScriptingObjects (0ms)
			CreateAndSetChildDomain (22ms)
		EndReloadAssembly (1066ms)
			LoadAssemblies (139ms)
			RebuildTransferFunctionScriptingTraits (0ms)
			SetupTypeCache (312ms)
			ReleaseScriptCaches (1ms)
			RebuildScriptCaches (55ms)
			SetupLoadedEditorAssemblies (520ms)
				LogAssemblyErrors (0ms)
				InitializePlatformSupportModulesInManaged (21ms)
				SetLoadedEditorAssemblies (1ms)
				RefreshPlugins (1ms)
				BeforeProcessingInitializeOnLoad (172ms)
				ProcessInitializeOnLoadAttributes (251ms)
				ProcessInitializeOnLoadMethodAttributes (32ms)
				AfterProcessingInitializeOnLoad (42ms)
				EditorAssembliesLoaded (0ms)
			ExecutionOrderSort2 (0ms)
			AwakeInstancesAfterBackupRestoration (7ms)
Platform modules already initialized, skipping
========================================================================
Worker process is ready to serve import requests
Launched and connected shader compiler UnityShaderCompiler.exe after 0.08 seconds
Refreshing native plugins compatible for Editor in 0.95 ms, found 3 plugins.
Preloading 0 native plugins for Editor in 0.00 ms.
Unloading 3380 Unused Serialized files (Serialized files now loaded: 0)
Unloading 27 unused Assets / (111.4 KB). Loaded Objects now: 3837.
Memory consumption went from 117.3 MB to 117.2 MB.
Total: 3.436600 ms (FindLiveObjects: 0.296400 ms CreateObjectMapping: 0.088400 ms MarkObjects: 2.914800 ms  DeleteObjects: 0.135900 ms)

AssetImportParameters requested are different than current active one (requested -> active):
  custom:video-decoder-ogg-theora: a1e56fd34408186e4bbccfd4996cb3dc -> 
  custom:container-muxer-webm: aa71ff27fc2769a1b78a27578f13a17b -> 
  custom:container-demuxer-webm: 4f35f7cbe854078d1ac9338744f61a02 -> 
  custom:video-encoder-webm-vp8: eb34c28f22e8b96e1ab97ce403110664 -> 
  custom:audio-encoder-webm-vorbis: bf7c407c2cedff20999df2af8eb42d56 -> 
  custom:framework-win-MediaFoundation: 216162199b28c13a410421893ffa2e32 -> 
  custom:container-demuxer-ogg: 62fdf1f143b41e24485cea50d1cbac27 -> 
  custom:video-decoder-webm-vp8: 9c59270c3fd7afecdb556c50c9e8de78 -> 
  custom:audio-decoder-ogg-vorbis: bf7c407c2cedff20999df2af8eb42d56 -> 
========================================================================
Received Import Request.
  Time since last request: 226342.375822 seconds.
  path: Assets/Prefabs/Inimigo1.prefab
  artifactKey: Guid(265ff4b64fcb25e4a8cc1bf746268878) Importer(815301076,1909f56bfc062723c751e8b465ee728b)
Start importing Assets/Prefabs/Inimigo1.prefab using Guid(265ff4b64fcb25e4a8cc1bf746268878) Importer(815301076,1909f56bfc062723c751e8b465ee728b)  -> (artifact id: 'ab62f30b37aa6ddb05eda143f484d8ed') in 0.137153 seconds 
========================================================================
Received Import Request.
  Time since last request: 30.623347 seconds.
  path: Assets/Prefabs/Inimigo1.prefab
  artifactKey: Guid(265ff4b64fcb25e4a8cc1bf746268878) Importer(815301076,1909f56bfc062723c751e8b465ee728b)
Start importing Assets/Prefabs/Inimigo1.prefab using Guid(265ff4b64fcb25e4a8cc1bf746268878) Importer(815301076,1909f56bfc062723c751e8b465ee728b)  -> (artifact id: '6b9ec489127f0a90ce52f031060d7223') in 0.037861 seconds 
========================================================================
Received Import Request.
  Time since last request: 0.762200 seconds.
  path: Assets/Prefabs/Inimigo1.prefab
  artifactKey: Guid(265ff4b64fcb25e4a8cc1bf746268878) Importer(815301076,1909f56bfc062723c751e8b465ee728b)
Start importing Assets/Prefabs/Inimigo1.prefab using Guid(265ff4b64fcb25e4a8cc1bf746268878) Importer(815301076,1909f56bfc062723c751e8b465ee728b)  -> (artifact id: '1d7f1bc9099513835d5b4e00a7d1c522') in 0.013907 seconds 
========================================================================
Received Import Request.
  Time since last request: 14.041903 seconds.
  path: Assets/Prefabs/Inimigo1.prefab
  artifactKey: Guid(265ff4b64fcb25e4a8cc1bf746268878) Importer(815301076,1909f56bfc062723c751e8b465ee728b)
Start importing Assets/Prefabs/Inimigo1.prefab using Guid(265ff4b64fcb25e4a8cc1bf746268878) Importer(815301076,1909f56bfc062723c751e8b465ee728b)  -> (artifact id: '9066c2c3201fd9140a5adb5ff301c3e0') in 0.015559 seconds 
========================================================================
Received Import Request.
  Time since last request: 28.033914 seconds.
  path: Assets/Prefabs/Inimigo1.prefab
  artifactKey: Guid(265ff4b64fcb25e4a8cc1bf746268878) Importer(815301076,1909f56bfc062723c751e8b465ee728b)
Start importing Assets/Prefabs/Inimigo1.prefab using Guid(265ff4b64fcb25e4a8cc1bf746268878) Importer(815301076,1909f56bfc062723c751e8b465ee728b)  -> (artifact id: 'fdfcc62d086d2cab23031a5edf8da8db') in 0.016989 seconds 
========================================================================
Received Import Request.
  Time since last request: 15.158180 seconds.
  path: Assets/Prefabs/Inimigo1.prefab
  artifactKey: Guid(265ff4b64fcb25e4a8cc1bf746268878) Importer(815301076,1909f56bfc062723c751e8b465ee728b)
Start importing Assets/Prefabs/Inimigo1.prefab using Guid(265ff4b64fcb25e4a8cc1bf746268878) Importer(815301076,1909f56bfc062723c751e8b465ee728b)  -> (artifact id: '29fab1b70105bad3298da12a9e751ab9') in 0.016541 seconds 
========================================================================
Received Import Request.
  Time since last request: 5.825197 seconds.
  path: Assets/Prefabs/Inimigo1.prefab
  artifactKey: Guid(265ff4b64fcb25e4a8cc1bf746268878) Importer(815301076,1909f56bfc062723c751e8b465ee728b)
Start importing Assets/Prefabs/Inimigo1.prefab using Guid(265ff4b64fcb25e4a8cc1bf746268878) Importer(815301076,1909f56bfc062723c751e8b465ee728b)  -> (artifact id: '59f349575e0574b0c4c7baa5de13edff') in 0.015881 seconds 
========================================================================
Received Import Request.
  Time since last request: 12.552995 seconds.
  path: Assets/Prefabs/Inimigo2.prefab
  artifactKey: Guid(1da21e9e1b940f343b631c3f2941fde1) Importer(815301076,1909f56bfc062723c751e8b465ee728b)
Start importing Assets/Prefabs/Inimigo2.prefab using Guid(1da21e9e1b940f343b631c3f2941fde1) Importer(815301076,1909f56bfc062723c751e8b465ee728b)  -> (artifact id: 'd886fb06d370f2e5ff841134fd35372b') in 0.015138 seconds 
========================================================================
Received Import Request.
  Time since last request: 10.948004 seconds.
  path: Assets/Prefabs/Inimigo2.prefab
  artifactKey: Guid(1da21e9e1b940f343b631c3f2941fde1) Importer(815301076,1909f56bfc062723c751e8b465ee728b)
Start importing Assets/Prefabs/Inimigo2.prefab using Guid(1da21e9e1b940f343b631c3f2941fde1) Importer(815301076,1909f56bfc062723c751e8b465ee728b)  -> (artifact id: '0fdeca2cdd5badae7465404e00a2332a') in 0.017357 seconds 
========================================================================
Received Import Request.
  Time since last request: 6.053801 seconds.
  path: Assets/Prefabs/Inimigo2.prefab
  artifactKey: Guid(1da21e9e1b940f343b631c3f2941fde1) Importer(815301076,1909f56bfc062723c751e8b465ee728b)
Start importing Assets/Prefabs/Inimigo2.prefab using Guid(1da21e9e1b940f343b631c3f2941fde1) Importer(815301076,1909f56bfc062723c751e8b465ee728b)  -> (artifact id: 'ce43358abe51fe4927c3aa2e99b62442') in 0.015718 seconds 
========================================================================
Received Import Request.
  Time since last request: 8.847033 seconds.
  path: Assets/Prefabs/Inimigo2.prefab
  artifactKey: Guid(1da21e9e1b940f343b631c3f2941fde1) Importer(815301076,1909f56bfc062723c751e8b465ee728b)
Start importing Assets/Prefabs/Inimigo2.prefab using Guid(1da21e9e1b940f343b631c3f2941fde1) Importer(815301076,1909f56bfc062723c751e8b465ee728b)  -> (artifact id: '25699297404b00c661870ce127a1adde') in 0.016019 seconds 
========================================================================
Received Import Request.
  Time since last request: 3.013589 seconds.
  path: Assets/Prefabs/Inimigo2.prefab
  artifactKey: Guid(1da21e9e1b940f343b631c3f2941fde1) Importer(815301076,1909f56bfc062723c751e8b465ee728b)
Start importing Assets/Prefabs/Inimigo2.prefab using Guid(1da21e9e1b940f343b631c3f2941fde1) Importer(815301076,1909f56bfc062723c751e8b465ee728b)  -> (artifact id: 'f4af71b19aa4e04f6e4e4bd72b33b91b') in 0.015391 seconds 
========================================================================
Received Import Request.
  Time since last request: 25.147299 seconds.
  path: Assets/Prefabs/Inimigo3.prefab
  artifactKey: Guid(e23f90a8c7c0a9146ba339b8af44f59e) Importer(815301076,1909f56bfc062723c751e8b465ee728b)
Start importing Assets/Prefabs/Inimigo3.prefab using Guid(e23f90a8c7c0a9146ba339b8af44f59e) Importer(815301076,1909f56bfc062723c751e8b465ee728b)  -> (artifact id: '08b4ee56c4ca820501066b30ed87f0c9') in 0.017293 seconds 
========================================================================
Received Import Request.
  Time since last request: 10.229566 seconds.
  path: Assets/Prefabs/Inimigo3.prefab
  artifactKey: Guid(e23f90a8c7c0a9146ba339b8af44f59e) Importer(815301076,1909f56bfc062723c751e8b465ee728b)
Start importing Assets/Prefabs/Inimigo3.prefab using Guid(e23f90a8c7c0a9146ba339b8af44f59e) Importer(815301076,1909f56bfc062723c751e8b465ee728b)  -> (artifact id: 'a391666bd2b27950d5ccbeee85925225') in 0.017955 seconds 
========================================================================
Received Import Request.
  Time since last request: 17.880204 seconds.
  path: Assets/Prefabs/Inimigo3.prefab
  artifactKey: Guid(e23f90a8c7c0a9146ba339b8af44f59e) Importer(815301076,1909f56bfc062723c751e8b465ee728b)
Start importing Assets/Prefabs/Inimigo3.prefab using Guid(e23f90a8c7c0a9146ba339b8af44f59e) Importer(815301076,1909f56bfc062723c751e8b465ee728b)  -> (artifact id: '9ce07c1d25dce08f278a36424ee71094') in 0.018037 seconds 
========================================================================
Received Import Request.
  Time since last request: 5.433122 seconds.
  path: Assets/Prefabs/Inimigo3.prefab
  artifactKey: Guid(e23f90a8c7c0a9146ba339b8af44f59e) Importer(815301076,1909f56bfc062723c751e8b465ee728b)
Start importing Assets/Prefabs/Inimigo3.prefab using Guid(e23f90a8c7c0a9146ba339b8af44f59e) Importer(815301076,1909f56bfc062723c751e8b465ee728b)  -> (artifact id: '0428ee0df7985a77d1e1a60b2c7a1f94') in 0.016064 seconds 
========================================================================
Received Import Request.
  Time since last request: 10.742207 seconds.
  path: Assets/Prefabs/Inimigo1.prefab
  artifactKey: Guid(265ff4b64fcb25e4a8cc1bf746268878) Importer(815301076,1909f56bfc062723c751e8b465ee728b)
Start importing Assets/Prefabs/Inimigo1.prefab using Guid(265ff4b64fcb25e4a8cc1bf746268878) Importer(815301076,1909f56bfc062723c751e8b465ee728b)  -> (artifact id: '247ea35e983f58ac39fd946398987d2a') in 0.015195 seconds 
========================================================================
Received Import Request.
  Time since last request: 5.038545 seconds.
  path: Assets/Prefabs/Inimigo1.prefab
  artifactKey: Guid(265ff4b64fcb25e4a8cc1bf746268878) Importer(815301076,1909f56bfc062723c751e8b465ee728b)
Start importing Assets/Prefabs/Inimigo1.prefab using Guid(265ff4b64fcb25e4a8cc1bf746268878) Importer(815301076,1909f56bfc062723c751e8b465ee728b)  -> (artifact id: '161fd2c2befc0a42f1683815400fc228') in 0.020127 seconds 
========================================================================
Received Import Request.
  Time since last request: 1.571740 seconds.
  path: Assets/Prefabs/Inimigo1.prefab
  artifactKey: Guid(265ff4b64fcb25e4a8cc1bf746268878) Importer(815301076,1909f56bfc062723c751e8b465ee728b)
Start importing Assets/Prefabs/Inimigo1.prefab using Guid(265ff4b64fcb25e4a8cc1bf746268878) Importer(815301076,1909f56bfc062723c751e8b465ee728b)  -> (artifact id: 'bd05107066d1db3c786e71d72677cf6e') in 0.015408 seconds 
========================================================================
Received Import Request.
  Time since last request: 3.367476 seconds.
  path: Assets/Prefabs/Inimigo3.prefab
  artifactKey: Guid(e23f90a8c7c0a9146ba339b8af44f59e) Importer(815301076,1909f56bfc062723c751e8b465ee728b)
Start importing Assets/Prefabs/Inimigo3.prefab using Guid(e23f90a8c7c0a9146ba339b8af44f59e) Importer(815301076,1909f56bfc062723c751e8b465ee728b)  -> (artifact id: '0e22f051949026f8e4599af45375eed0') in 0.014405 seconds 
========================================================================
Received Import Request.
  Time since last request: 21.604383 seconds.
  path: Assets/Prefabs/Inimigo2.prefab
  artifactKey: Guid(1da21e9e1b940f343b631c3f2941fde1) Importer(815301076,1909f56bfc062723c751e8b465ee728b)
Start importing Assets/Prefabs/Inimigo2.prefab using Guid(1da21e9e1b940f343b631c3f2941fde1) Importer(815301076,1909f56bfc062723c751e8b465ee728b)  -> (artifact id: '4461b90cd17c4e240fe50648522a6638') in 0.015663 seconds 
========================================================================
Received Import Request.
  Time since last request: 1.581977 seconds.
  path: Assets/Prefabs/Inimigo2.prefab
  artifactKey: Guid(1da21e9e1b940f343b631c3f2941fde1) Importer(815301076,1909f56bfc062723c751e8b465ee728b)
Start importing Assets/Prefabs/Inimigo2.prefab using Guid(1da21e9e1b940f343b631c3f2941fde1) Importer(815301076,1909f56bfc062723c751e8b465ee728b)  -> (artifact id: '891c9ccb79e609bee63c14c8375cea00') in 0.017180 seconds 
========================================================================
Received Import Request.
  Time since last request: 63.326664 seconds.
  path: Assets/Prefabs/Inimigo1.prefab
  artifactKey: Guid(265ff4b64fcb25e4a8cc1bf746268878) Importer(815301076,1909f56bfc062723c751e8b465ee728b)
Start importing Assets/Prefabs/Inimigo1.prefab using Guid(265ff4b64fcb25e4a8cc1bf746268878) Importer(815301076,1909f56bfc062723c751e8b465ee728b)  -> (artifact id: '11b3f24e06a74c0ca75a5654b28f6dfa') in 0.017535 seconds 
========================================================================
Received Import Request.
  Time since last request: 10.742025 seconds.
  path: Assets/Prefabs/Inimigo1.prefab
  artifactKey: Guid(265ff4b64fcb25e4a8cc1bf746268878) Importer(815301076,1909f56bfc062723c751e8b465ee728b)
Start importing Assets/Prefabs/Inimigo1.prefab using Guid(265ff4b64fcb25e4a8cc1bf746268878) Importer(815301076,1909f56bfc062723c751e8b465ee728b)  -> (artifact id: '007b395765e4743034a5d99b215a0ef9') in 0.016427 seconds 
========================================================================
Received Import Request.
  Time since last request: 17.148536 seconds.
  path: Assets/Prefabs/Inimigo2.prefab
  artifactKey: Guid(1da21e9e1b940f343b631c3f2941fde1) Importer(815301076,1909f56bfc062723c751e8b465ee728b)
Start importing Assets/Prefabs/Inimigo2.prefab using Guid(1da21e9e1b940f343b631c3f2941fde1) Importer(815301076,1909f56bfc062723c751e8b465ee728b)  -> (artifact id: 'f050cd2ba17481f5c5d7430119128863') in 0.016563 seconds 
========================================================================
Received Import Request.
  Time since last request: 6.432358 seconds.
  path: Assets/Prefabs/Inimigo3.prefab
  artifactKey: Guid(e23f90a8c7c0a9146ba339b8af44f59e) Importer(815301076,1909f56bfc062723c751e8b465ee728b)
Start importing Assets/Prefabs/Inimigo3.prefab using Guid(e23f90a8c7c0a9146ba339b8af44f59e) Importer(815301076,1909f56bfc062723c751e8b465ee728b)  -> (artifact id: '4e553bf320995d5179da67c514e3e820') in 0.015490 seconds 
========================================================================
Received Prepare
Registering precompiled user dll's ...
Registered in 0.017106 seconds.
Begin MonoManager ReloadAssembly
Symbol file LoadedFromMemory doesn't match image C:\Users\Anderson\Documents\Aulas de Programação\Unity\Primeiro Jogo\LongeDeCasa\Library\PackageCache\com.unity.visualscripting@1.7.8\Editor\VisualScripting.Core\Dependencies\YamlDotNet\Unity.VisualScripting.YamlDotNet.dll
Symbol file LoadedFromMemory doesn't match image C:\Users\Anderson\Documents\Aulas de Programação\Unity\Primeiro Jogo\LongeDeCasa\Library\PackageCache\com.unity.visualscripting@1.7.8\Editor\VisualScripting.Core\Dependencies\DotNetZip\Unity.VisualScripting.IonicZip.dll
Native extension for WindowsStandalone target not found
Native extension for WebGL target not found
Refreshing native plugins compatible for Editor in 1.22 ms, found 3 plugins.
Preloading 0 native plugins for Editor in 0.00 ms.
Mono: successfully reloaded assembly
- Completed reload, in  1.508 seconds
Domain Reload Profiling:
	ReloadAssembly (1509ms)
		BeginReloadAssembly (210ms)
			ExecutionOrderSort (0ms)
			DisableScriptedObjects (5ms)
			BackupInstance (0ms)
			ReleaseScriptingObjects (0ms)
			CreateAndSetChildDomain (39ms)
		EndReloadAssembly (1106ms)
			LoadAssemblies (154ms)
			RebuildTransferFunctionScriptingTraits (0ms)
			SetupTypeCache (321ms)
			ReleaseScriptCaches (1ms)
			RebuildScriptCaches (48ms)
			SetupLoadedEditorAssemblies (520ms)
				LogAssemblyErrors (0ms)
				InitializePlatformSupportModulesInManaged (31ms)
				SetLoadedEditorAssemblies (1ms)
				RefreshPlugins (1ms)
				BeforeProcessingInitializeOnLoad (162ms)
				ProcessInitializeOnLoadAttributes (242ms)
				ProcessInitializeOnLoadMethodAttributes (34ms)
				AfterProcessingInitializeOnLoad (49ms)
				EditorAssembliesLoaded (0ms)
			ExecutionOrderSort2 (0ms)
			AwakeInstancesAfterBackupRestoration (9ms)
Platform modules already initialized, skipping
Refreshing native plugins compatible for Editor in 3.86 ms, found 3 plugins.
Preloading 0 native plugins for Editor in 0.00 ms.
Unloading 3375 Unused Serialized files (Serialized files now loaded: 0)
Unloading 20 unused Assets / (78.5 KB). Loaded Objects now: 3847.
Memory consumption went from 121.7 MB to 121.6 MB.
Total: 3.465900 ms (FindLiveObjects: 0.319600 ms CreateObjectMapping: 0.090100 ms MarkObjects: 2.954300 ms  DeleteObjects: 0.100700 ms)

AssetImportParameters requested are different than current active one (requested -> active):
  custom:video-decoder-ogg-theora: a1e56fd34408186e4bbccfd4996cb3dc -> 
  custom:container-muxer-webm: aa71ff27fc2769a1b78a27578f13a17b -> 
  custom:container-demuxer-webm: 4f35f7cbe854078d1ac9338744f61a02 -> 
  custom:video-encoder-webm-vp8: eb34c28f22e8b96e1ab97ce403110664 -> 
  custom:audio-encoder-webm-vorbis: bf7c407c2cedff20999df2af8eb42d56 -> 
  custom:framework-win-MediaFoundation: 216162199b28c13a410421893ffa2e32 -> 
  custom:container-demuxer-ogg: 62fdf1f143b41e24485cea50d1cbac27 -> 
  custom:video-decoder-webm-vp8: 9c59270c3fd7afecdb556c50c9e8de78 -> 
  custom:audio-decoder-ogg-vorbis: bf7c407c2cedff20999df2af8eb42d56 -> 
========================================================================
Received Import Request.
  Time since last request: 156.555768 seconds.
  path: Assets/Prefabs/SubLevels/Bloco_1.prefab
  artifactKey: Guid(bdcfaa00f7327cc4bb62db9999376729) Importer(815301076,1909f56bfc062723c751e8b465ee728b)
Start importing Assets/Prefabs/SubLevels/Bloco_1.prefab using Guid(bdcfaa00f7327cc4bb62db9999376729) Importer(815301076,1909f56bfc062723c751e8b465ee728b)  -> (artifact id: '0c721ec21d2957450aca2aa6159c58a6') in 0.100577 seconds 
========================================================================
Received Import Request.
  Time since last request: 132.386260 seconds.
  path: Assets/Prefabs/SubLevels/Bloco_2.prefab
  artifactKey: Guid(42c79eef07f8dd94286ff4933a99fe12) Importer(815301076,1909f56bfc062723c751e8b465ee728b)
Start importing Assets/Prefabs/SubLevels/Bloco_2.prefab using Guid(42c79eef07f8dd94286ff4933a99fe12) Importer(815301076,1909f56bfc062723c751e8b465ee728b)  -> (artifact id: 'b68566c8796a4c828f299011d237091a') in 0.029721 seconds 
========================================================================
Received Import Request.
  Time since last request: 98.469927 seconds.
  path: Assets/Scripts/GameController.cs
  artifactKey: Guid(0939b1d515d4f4b45909f756c168d3e4) Importer(815301076,1909f56bfc062723c751e8b465ee728b)
Start importing Assets/Scripts/GameController.cs using Guid(0939b1d515d4f4b45909f756c168d3e4) Importer(815301076,1909f56bfc062723c751e8b465ee728b)  -> (artifact id: '497ddc5546424a5146ce33b553a4f551') in 0.010529 seconds 
========================================================================
Received Prepare
Registering precompiled user dll's ...
Registered in 0.017681 seconds.
Begin MonoManager ReloadAssembly
Symbol file LoadedFromMemory doesn't match image C:\Users\Anderson\Documents\Aulas de Programação\Unity\Primeiro Jogo\LongeDeCasa\Library\PackageCache\com.unity.visualscripting@1.7.8\Editor\VisualScripting.Core\Dependencies\YamlDotNet\Unity.VisualScripting.YamlDotNet.dll
Symbol file LoadedFromMemory doesn't match image C:\Users\Anderson\Documents\Aulas de Programação\Unity\Primeiro Jogo\LongeDeCasa\Library\PackageCache\com.unity.visualscripting@1.7.8\Editor\VisualScripting.Core\Dependencies\DotNetZip\Unity.VisualScripting.IonicZip.dll
Native extension for WindowsStandalone target not found
Native extension for WebGL target not found
Refreshing native plugins compatible for Editor in 1.01 ms, found 3 plugins.
Preloading 0 native plugins for Editor in 0.00 ms.
Mono: successfully reloaded assembly
- Completed reload, in  1.552 seconds
Domain Reload Profiling:
	ReloadAssembly (1553ms)
		BeginReloadAssembly (218ms)
			ExecutionOrderSort (0ms)
			DisableScriptedObjects (6ms)
			BackupInstance (0ms)
			ReleaseScriptingObjects (0ms)
			CreateAndSetChildDomain (44ms)
		EndReloadAssembly (1136ms)
			LoadAssemblies (161ms)
			RebuildTransferFunctionScriptingTraits (0ms)
			SetupTypeCache (318ms)
			ReleaseScriptCaches (1ms)
			RebuildScriptCaches (54ms)
			SetupLoadedEditorAssemblies (534ms)
				LogAssemblyErrors (0ms)
				InitializePlatformSupportModulesInManaged (36ms)
				SetLoadedEditorAssemblies (1ms)
				RefreshPlugins (1ms)
				BeforeProcessingInitializeOnLoad (169ms)
				ProcessInitializeOnLoadAttributes (242ms)
				ProcessInitializeOnLoadMethodAttributes (36ms)
				AfterProcessingInitializeOnLoad (49ms)
				EditorAssembliesLoaded (0ms)
			ExecutionOrderSort2 (0ms)
			AwakeInstancesAfterBackupRestoration (10ms)
Platform modules already initialized, skipping
Refreshing native plugins compatible for Editor in 4.06 ms, found 3 plugins.
Preloading 0 native plugins for Editor in 0.00 ms.
Unloading 3375 Unused Serialized files (Serialized files now loaded: 0)
Unloading 20 unused Assets / (78.7 KB). Loaded Objects now: 3852.
Memory consumption went from 121.7 MB to 121.6 MB.
Total: 3.321200 ms (FindLiveObjects: 0.272600 ms CreateObjectMapping: 0.077800 ms MarkObjects: 2.866100 ms  DeleteObjects: 0.103400 ms)

AssetImportParameters requested are different than current active one (requested -> active):
  custom:video-decoder-ogg-theora: a1e56fd34408186e4bbccfd4996cb3dc -> 
  custom:container-muxer-webm: aa71ff27fc2769a1b78a27578f13a17b -> 
  custom:container-demuxer-webm: 4f35f7cbe854078d1ac9338744f61a02 -> 
  custom:video-encoder-webm-vp8: eb34c28f22e8b96e1ab97ce403110664 -> 
  custom:audio-encoder-webm-vorbis: bf7c407c2cedff20999df2af8eb42d56 -> 
  custom:framework-win-MediaFoundation: 216162199b28c13a410421893ffa2e32 -> 
  custom:container-demuxer-ogg: 62fdf1f143b41e24485cea50d1cbac27 -> 
  custom:video-decoder-webm-vp8: 9c59270c3fd7afecdb556c50c9e8de78 -> 
  custom:audio-decoder-ogg-vorbis: bf7c407c2cedff20999df2af8eb42d56 -> 
========================================================================
Received Prepare
Registering precompiled user dll's ...
Registered in 0.016344 seconds.
Begin MonoManager ReloadAssembly
Symbol file LoadedFromMemory doesn't match image C:\Users\Anderson\Documents\Aulas de Programação\Unity\Primeiro Jogo\LongeDeCasa\Library\PackageCache\com.unity.visualscripting@1.7.8\Editor\VisualScripting.Core\Dependencies\YamlDotNet\Unity.VisualScripting.YamlDotNet.dll
Symbol file LoadedFromMemory doesn't match image C:\Users\Anderson\Documents\Aulas de Programação\Unity\Primeiro Jogo\LongeDeCasa\Library\PackageCache\com.unity.visualscripting@1.7.8\Editor\VisualScripting.Core\Dependencies\DotNetZip\Unity.VisualScripting.IonicZip.dll
Native extension for WindowsStandalone target not found
Native extension for WebGL target not found
Refreshing native plugins compatible for Editor in 0.64 ms, found 3 plugins.
Preloading 0 native plugins for Editor in 0.00 ms.
Mono: successfully reloaded assembly
- Completed reload, in  1.503 seconds
Domain Reload Profiling:
	ReloadAssembly (1504ms)
		BeginReloadAssembly (209ms)
			ExecutionOrderSort (0ms)
			DisableScriptedObjects (6ms)
			BackupInstance (0ms)
			ReleaseScriptingObjects (0ms)
			CreateAndSetChildDomain (37ms)
		EndReloadAssembly (1110ms)
			LoadAssemblies (151ms)
			RebuildTransferFunctionScriptingTraits (0ms)
			SetupTypeCache (327ms)
			ReleaseScriptCaches (1ms)
			RebuildScriptCaches (51ms)
			SetupLoadedEditorAssemblies (519ms)
				LogAssemblyErrors (0ms)
				InitializePlatformSupportModulesInManaged (36ms)
				SetLoadedEditorAssemblies (1ms)
				RefreshPlugins (1ms)
				BeforeProcessingInitializeOnLoad (167ms)
				ProcessInitializeOnLoadAttributes (235ms)
				ProcessInitializeOnLoadMethodAttributes (33ms)
				AfterProcessingInitializeOnLoad (47ms)
				EditorAssembliesLoaded (0ms)
			ExecutionOrderSort2 (0ms)
			AwakeInstancesAfterBackupRestoration (11ms)
Platform modules already initialized, skipping
Refreshing native plugins compatible for Editor in 4.48 ms, found 3 plugins.
Preloading 0 native plugins for Editor in 0.00 ms.
Unloading 3375 Unused Serialized files (Serialized files now loaded: 0)
Unloading 20 unused Assets / (78.6 KB). Loaded Objects now: 3855.
Memory consumption went from 121.7 MB to 121.6 MB.
Total: 3.479900 ms (FindLiveObjects: 0.283600 ms CreateObjectMapping: 0.081700 ms MarkObjects: 3.013700 ms  DeleteObjects: 0.099600 ms)

AssetImportParameters requested are different than current active one (requested -> active):
  custom:video-decoder-ogg-theora: a1e56fd34408186e4bbccfd4996cb3dc -> 
  custom:container-muxer-webm: aa71ff27fc2769a1b78a27578f13a17b -> 
  custom:container-demuxer-webm: 4f35f7cbe854078d1ac9338744f61a02 -> 
  custom:video-encoder-webm-vp8: eb34c28f22e8b96e1ab97ce403110664 -> 
  custom:audio-encoder-webm-vorbis: bf7c407c2cedff20999df2af8eb42d56 -> 
  custom:framework-win-MediaFoundation: 216162199b28c13a410421893ffa2e32 -> 
  custom:container-demuxer-ogg: 62fdf1f143b41e24485cea50d1cbac27 -> 
  custom:video-decoder-webm-vp8: 9c59270c3fd7afecdb556c50c9e8de78 -> 
  custom:audio-decoder-ogg-vorbis: bf7c407c2cedff20999df2af8eb42d56 -> 
