Using pre-set license
Built from '2021.3/staging' branch; Version is '2021.3.8f1 (b30333d56e81) revision 11731763'; Using compiler version '192829333'; Build Type 'Release'
OS: 'Windows 10  (10.0.19044) 64bit Professional' Language: 'pt' Physical Memory: 16334 MB
BatchMode: 1, IsHumanControllingUs: 0, StartBugReporterOnCrash: 0, Is64bit: 1, IsPro: 1

COMMAND LINE ARGUMENTS:
C:\Program Files\Unity\Hub\Editor\2021.3.8f1\Editor\Unity.exe
-adb2
-batchMode
-noUpm
-name
AssetImportWorker0
-projectPath
C:/Users/Anderson/Documents/Aulas de Programação/Unity/Primeiro Jogo/LongeDeCasa
-logFile
Logs/AssetImportWorker0.log
-srvPort
53714
Successfully changed project path to: C:/Users/Anderson/Documents/Aulas de Programação/Unity/Primeiro Jogo/LongeDeCasa
C:/Users/Anderson/Documents/Aulas de Programação/Unity/Primeiro Jogo/LongeDeCasa
[UnityMemory] Configuration Parameters - Can be set up in boot.config
    "memorysetup-bucket-allocator-granularity=16"
    "memorysetup-bucket-allocator-bucket-count=8"
    "memorysetup-bucket-allocator-block-size=33554432"
    "memorysetup-bucket-allocator-block-count=8"
    "memorysetup-main-allocator-block-size=16777216"
    "memorysetup-thread-allocator-block-size=16777216"
    "memorysetup-gfx-main-allocator-block-size=16777216"
    "memorysetup-gfx-thread-allocator-block-size=16777216"
    "memorysetup-cache-allocator-block-size=4194304"
    "memorysetup-typetree-allocator-block-size=2097152"
    "memorysetup-profiler-bucket-allocator-granularity=16"
    "memorysetup-profiler-bucket-allocator-bucket-count=8"
    "memorysetup-profiler-bucket-allocator-block-size=33554432"
    "memorysetup-profiler-bucket-allocator-block-count=8"
    "memorysetup-profiler-allocator-block-size=16777216"
    "memorysetup-profiler-editor-allocator-block-size=1048576"
    "memorysetup-temp-allocator-size-main=16777216"
    "memorysetup-job-temp-allocator-block-size=2097152"
    "memorysetup-job-temp-allocator-block-size-background=1048576"
    "memorysetup-job-temp-allocator-reduction-small-platforms=262144"
    "memorysetup-temp-allocator-size-background-worker=32768"
    "memorysetup-temp-allocator-size-job-worker=262144"
    "memorysetup-temp-allocator-size-preload-manager=33554432"
    "memorysetup-temp-allocator-size-nav-mesh-worker=65536"
    "memorysetup-temp-allocator-size-audio-worker=65536"
    "memorysetup-temp-allocator-size-cloud-worker=32768"
    "memorysetup-temp-allocator-size-gi-baking-worker=262144"
    "memorysetup-temp-allocator-size-gfx=262144"
Refreshing native plugins compatible for Editor in 96.02 ms, found 3 plugins.
Preloading 0 native plugins for Editor in 0.00 ms.
Initialize engine version: 2021.3.8f1 (b30333d56e81)
[Subsystems] Discovering subsystems at path C:/Program Files/Unity/Hub/Editor/2021.3.8f1/Editor/Data/Resources/UnitySubsystems
[Subsystems] Discovering subsystems at path C:/Users/Anderson/Documents/Aulas de Programação/Unity/Primeiro Jogo/LongeDeCasa/Assets
GfxDevice: creating device client; threaded=0; jobified=0
Direct3D:
    Version:  Direct3D 11.0 [level 11.1]
    Renderer: NVIDIA GeForce GTX 1060 6GB (ID=0x1b83)
    Vendor:   NVIDIA
    VRAM:     6052 MB
    Driver:   30.0.15.1215
Initialize mono
Mono path[0] = 'C:/Program Files/Unity/Hub/Editor/2021.3.8f1/Editor/Data/Managed'
Mono path[1] = 'C:/Program Files/Unity/Hub/Editor/2021.3.8f1/Editor/Data/MonoBleedingEdge/lib/mono/unityjit-win32'
Mono config path = 'C:/Program Files/Unity/Hub/Editor/2021.3.8f1/Editor/Data/MonoBleedingEdge/etc'
Using monoOptions --debugger-agent=transport=dt_socket,embedding=1,server=y,suspend=n,address=127.0.0.1:56396
Begin MonoManager ReloadAssembly
Registering precompiled unity dll's ...
Register platform support module: C:/Program Files/Unity/Hub/Editor/2021.3.8f1/Editor/Data/PlaybackEngines/WebGLSupport/UnityEditor.WebGL.Extensions.dll
Register platform support module: C:/Program Files/Unity/Hub/Editor/2021.3.8f1/Editor/Data/PlaybackEngines/WindowsStandaloneSupport/UnityEditor.WindowsStandalone.Extensions.dll
Registered in 0.056108 seconds.
Native extension for WindowsStandalone target not found
Native extension for WebGL target not found
Refreshing native plugins compatible for Editor in 99.47 ms, found 3 plugins.
Preloading 0 native plugins for Editor in 0.00 ms.
Mono: successfully reloaded assembly
- Completed reload, in  0.954 seconds
Domain Reload Profiling:
	ReloadAssembly (955ms)
		BeginReloadAssembly (139ms)
			ExecutionOrderSort (0ms)
			DisableScriptedObjects (0ms)
			BackupInstance (0ms)
			ReleaseScriptingObjects (0ms)
			CreateAndSetChildDomain (1ms)
		EndReloadAssembly (567ms)
			LoadAssemblies (124ms)
			RebuildTransferFunctionScriptingTraits (0ms)
			SetupTypeCache (121ms)
			ReleaseScriptCaches (0ms)
			RebuildScriptCaches (31ms)
			SetupLoadedEditorAssemblies (324ms)
				LogAssemblyErrors (0ms)
				InitializePlatformSupportModulesInManaged (29ms)
				SetLoadedEditorAssemblies (0ms)
				RefreshPlugins (100ms)
				BeforeProcessingInitializeOnLoad (1ms)
				ProcessInitializeOnLoadAttributes (142ms)
				ProcessInitializeOnLoadMethodAttributes (52ms)
				AfterProcessingInitializeOnLoad (0ms)
				EditorAssembliesLoaded (0ms)
			ExecutionOrderSort2 (0ms)
			AwakeInstancesAfterBackupRestoration (0ms)
Platform modules already initialized, skipping
Registering precompiled user dll's ...
Registered in 0.018547 seconds.
Begin MonoManager ReloadAssembly
Symbol file LoadedFromMemory doesn't match image C:\Users\Anderson\Documents\Aulas de Programação\Unity\Primeiro Jogo\LongeDeCasa\Library\PackageCache\com.unity.visualscripting@1.7.8\Editor\VisualScripting.Core\Dependencies\YamlDotNet\Unity.VisualScripting.YamlDotNet.dll
Symbol file LoadedFromMemory doesn't match image C:\Users\Anderson\Documents\Aulas de Programação\Unity\Primeiro Jogo\LongeDeCasa\Library\PackageCache\com.unity.visualscripting@1.7.8\Editor\VisualScripting.Core\Dependencies\DotNetZip\Unity.VisualScripting.IonicZip.dll
Native extension for WindowsStandalone target not found
Native extension for WebGL target not found
Refreshing native plugins compatible for Editor in 0.77 ms, found 3 plugins.
Preloading 0 native plugins for Editor in 0.00 ms.
Mono: successfully reloaded assembly
- Completed reload, in  1.523 seconds
Domain Reload Profiling:
	ReloadAssembly (1524ms)
		BeginReloadAssembly (178ms)
			ExecutionOrderSort (0ms)
			DisableScriptedObjects (7ms)
			BackupInstance (0ms)
			ReleaseScriptingObjects (0ms)
			CreateAndSetChildDomain (20ms)
		EndReloadAssembly (1140ms)
			LoadAssemblies (148ms)
			RebuildTransferFunctionScriptingTraits (0ms)
			SetupTypeCache (305ms)
			ReleaseScriptCaches (1ms)
			RebuildScriptCaches (53ms)
			SetupLoadedEditorAssemblies (582ms)
				LogAssemblyErrors (0ms)
				InitializePlatformSupportModulesInManaged (21ms)
				SetLoadedEditorAssemblies (1ms)
				RefreshPlugins (1ms)
				BeforeProcessingInitializeOnLoad (181ms)
				ProcessInitializeOnLoadAttributes (287ms)
				ProcessInitializeOnLoadMethodAttributes (39ms)
				AfterProcessingInitializeOnLoad (53ms)
				EditorAssembliesLoaded (0ms)
			ExecutionOrderSort2 (0ms)
			AwakeInstancesAfterBackupRestoration (8ms)
Platform modules already initialized, skipping
========================================================================
Worker process is ready to serve import requests
Launched and connected shader compiler UnityShaderCompiler.exe after 0.08 seconds
Refreshing native plugins compatible for Editor in 0.61 ms, found 3 plugins.
Preloading 0 native plugins for Editor in 0.00 ms.
Unloading 3380 Unused Serialized files (Serialized files now loaded: 0)
Unloading 27 unused Assets / (111.4 KB). Loaded Objects now: 3837.
Memory consumption went from 117.3 MB to 117.2 MB.
Total: 3.486700 ms (FindLiveObjects: 0.334000 ms CreateObjectMapping: 0.091700 ms MarkObjects: 2.948300 ms  DeleteObjects: 0.111300 ms)

AssetImportParameters requested are different than current active one (requested -> active):
  custom:video-decoder-ogg-theora: a1e56fd34408186e4bbccfd4996cb3dc -> 
  custom:container-muxer-webm: aa71ff27fc2769a1b78a27578f13a17b -> 
  custom:container-demuxer-webm: 4f35f7cbe854078d1ac9338744f61a02 -> 
  custom:video-encoder-webm-vp8: eb34c28f22e8b96e1ab97ce403110664 -> 
  custom:audio-encoder-webm-vorbis: bf7c407c2cedff20999df2af8eb42d56 -> 
  custom:framework-win-MediaFoundation: 216162199b28c13a410421893ffa2e32 -> 
  custom:container-demuxer-ogg: 62fdf1f143b41e24485cea50d1cbac27 -> 
  custom:video-decoder-webm-vp8: 9c59270c3fd7afecdb556c50c9e8de78 -> 
  custom:audio-decoder-ogg-vorbis: bf7c407c2cedff20999df2af8eb42d56 -> 
========================================================================
Received Import Request.
  Time since last request: 225244.352242 seconds.
  path: Assets/Arte/Modelos
  artifactKey: Guid(d952d79d568dd1a4b972621a234ca2e4) Importer(815301076,1909f56bfc062723c751e8b465ee728b)
Start importing Assets/Arte/Modelos using Guid(d952d79d568dd1a4b972621a234ca2e4) Importer(815301076,1909f56bfc062723c751e8b465ee728b)  -> (artifact id: 'dd7269d91b9c93b77f741b49f14c0fe9') in 0.011192 seconds 
========================================================================
Received Import Request.
  Time since last request: 19.762593 seconds.
  path: Assets/Arte/Modelos/Ship
  artifactKey: Guid(e8b1fca79b5b8d048bf2278db0ae5a82) Importer(815301076,1909f56bfc062723c751e8b465ee728b)
Start importing Assets/Arte/Modelos/Ship using Guid(e8b1fca79b5b8d048bf2278db0ae5a82) Importer(815301076,1909f56bfc062723c751e8b465ee728b)  -> (artifact id: '3298087b343369c1dfc30d908e8baab5') in 0.005151 seconds 
========================================================================
Received Import Request.
  Time since last request: 0.054113 seconds.
  path: Assets/Arte/Modelos/Ship/StarSparrowExamples1.FBX
  artifactKey: Guid(55efa62bf5942ee479d795d510ba2e78) Importer(815301076,1909f56bfc062723c751e8b465ee728b)
Start importing Assets/Arte/Modelos/Ship/StarSparrowExamples1.FBX using Guid(55efa62bf5942ee479d795d510ba2e78) Importer(815301076,1909f56bfc062723c751e8b465ee728b)  -> (artifact id: '054600ccd2c1ba6b6b62f01ae5d4efde') in 0.252377 seconds 
========================================================================
Received Import Request.
  Time since last request: 9.300982 seconds.
  path: Assets/Arte/Modelos/Ship/Textures
  artifactKey: Guid(f0804f047ffc91746a91aca52db7232b) Importer(815301076,1909f56bfc062723c751e8b465ee728b)
Start importing Assets/Arte/Modelos/Ship/Textures using Guid(f0804f047ffc91746a91aca52db7232b) Importer(815301076,1909f56bfc062723c751e8b465ee728b)  -> (artifact id: '57e6a1b58240484753534ecfa00aedf2') in 0.004985 seconds 
========================================================================
Received Import Request.
  Time since last request: 0.047510 seconds.
  path: Assets/Arte/Modelos/Ship/Textures/StarSparrow_Emission.png
  artifactKey: Guid(6df2bae7066d40e4386fc6ee36054e87) Importer(815301076,1909f56bfc062723c751e8b465ee728b)
Start importing Assets/Arte/Modelos/Ship/Textures/StarSparrow_Emission.png using Guid(6df2bae7066d40e4386fc6ee36054e87) Importer(815301076,1909f56bfc062723c751e8b465ee728b)  -> (artifact id: 'eadec0e7eb3d80b9f1f011227a5dc49c') in 0.048142 seconds 
========================================================================
Received Import Request.
  Time since last request: 0.000029 seconds.
  path: Assets/Arte/Modelos/Ship/Textures/StarSparrow_Normal.png
  artifactKey: Guid(4de2fe14f5f821d44ba2f961569706d3) Importer(815301076,1909f56bfc062723c751e8b465ee728b)
Start importing Assets/Arte/Modelos/Ship/Textures/StarSparrow_Normal.png using Guid(4de2fe14f5f821d44ba2f961569706d3) Importer(815301076,1909f56bfc062723c751e8b465ee728b)  -> (artifact id: 'fa1d7c301cff2ea31b3d12d594371857') in 0.017095 seconds 
========================================================================
Received Import Request.
  Time since last request: 0.000034 seconds.
  path: Assets/Arte/Modelos/Ship/Textures/StarSparrow_Red.png
  artifactKey: Guid(fa8bab2b05c484e42860d05051901559) Importer(815301076,1909f56bfc062723c751e8b465ee728b)
Start importing Assets/Arte/Modelos/Ship/Textures/StarSparrow_Red.png using Guid(fa8bab2b05c484e42860d05051901559) Importer(815301076,1909f56bfc062723c751e8b465ee728b)  -> (artifact id: '0164fde4d55e2b468f30704b3834c785') in 0.017971 seconds 
========================================================================
Received Import Request.
  Time since last request: 155.688242 seconds.
  path: Assets/Arte/Modelos/Ship/M_Nave_Vermelho.mat
  artifactKey: Guid(c9ac6485c062a1440b095a3e9b57990e) Importer(815301076,1909f56bfc062723c751e8b465ee728b)
Start importing Assets/Arte/Modelos/Ship/M_Nave_Vermelho.mat using Guid(c9ac6485c062a1440b095a3e9b57990e) Importer(815301076,1909f56bfc062723c751e8b465ee728b)  -> (artifact id: '1f94fd49e24938bdc72c6a9414254bd0') in 0.059770 seconds 
========================================================================
Received Import Request.
  Time since last request: 722.252526 seconds.
  path: Assets/Prefabs/Jogador.prefab
  artifactKey: Guid(363162ed9460dfe40a8e98825a5c0df8) Importer(815301076,1909f56bfc062723c751e8b465ee728b)
Start importing Assets/Prefabs/Jogador.prefab using Guid(363162ed9460dfe40a8e98825a5c0df8) Importer(815301076,1909f56bfc062723c751e8b465ee728b)  -> (artifact id: 'e6a664f6447944b22c97a95dde20c09b') in 0.022392 seconds 
========================================================================
Received Import Request.
  Time since last request: 66.385427 seconds.
  path: Assets/Arte/Modelos/Droid
  artifactKey: Guid(b4a1dc29eaa8b114b80fac1fee004118) Importer(815301076,1909f56bfc062723c751e8b465ee728b)
Start importing Assets/Arte/Modelos/Droid using Guid(b4a1dc29eaa8b114b80fac1fee004118) Importer(815301076,1909f56bfc062723c751e8b465ee728b)  -> (artifact id: 'fefdfc2a4c29d53e70729c058be8d0bd') in 0.005018 seconds 
========================================================================
Received Import Request.
  Time since last request: 0.063789 seconds.
  path: Assets/Arte/Modelos/Droid/BaseMaterial_diffuse.tga
  artifactKey: Guid(837e5a237c4c50449a73ecf5a5092be5) Importer(815301076,1909f56bfc062723c751e8b465ee728b)
Start importing Assets/Arte/Modelos/Droid/BaseMaterial_diffuse.tga using Guid(837e5a237c4c50449a73ecf5a5092be5) Importer(815301076,1909f56bfc062723c751e8b465ee728b)  -> (artifact id: '27fd3d581194e40056445775bdc51d86') in 0.020451 seconds 
========================================================================
Received Import Request.
  Time since last request: 0.044023 seconds.
  path: Assets/Arte/Modelos/Droid/BaseMaterial_specular.tga
  artifactKey: Guid(2d697b478c521cc4194f50265c803ced) Importer(815301076,1909f56bfc062723c751e8b465ee728b)
Start importing Assets/Arte/Modelos/Droid/BaseMaterial_specular.tga using Guid(2d697b478c521cc4194f50265c803ced) Importer(815301076,1909f56bfc062723c751e8b465ee728b)  -> (artifact id: '4511768d682142afb645458fbac87847') in 0.019193 seconds 
========================================================================
Received Import Request.
  Time since last request: 0.000033 seconds.
  path: Assets/Arte/Modelos/Droid/defaultMat.mat
  artifactKey: Guid(e3ef4b4d386ba4f4fb22823cc66917a1) Importer(815301076,1909f56bfc062723c751e8b465ee728b)
Start importing Assets/Arte/Modelos/Droid/defaultMat.mat using Guid(e3ef4b4d386ba4f4fb22823cc66917a1) Importer(815301076,1909f56bfc062723c751e8b465ee728b)  -> (artifact id: '1ae5ef79da076a7a5accc43ca743102b') in 0.248572 seconds 
========================================================================
Received Prepare
Registering precompiled user dll's ...
Registered in 0.017231 seconds.
Begin MonoManager ReloadAssembly
Symbol file LoadedFromMemory doesn't match image C:\Users\Anderson\Documents\Aulas de Programação\Unity\Primeiro Jogo\LongeDeCasa\Library\PackageCache\com.unity.visualscripting@1.7.8\Editor\VisualScripting.Core\Dependencies\YamlDotNet\Unity.VisualScripting.YamlDotNet.dll
Symbol file LoadedFromMemory doesn't match image C:\Users\Anderson\Documents\Aulas de Programação\Unity\Primeiro Jogo\LongeDeCasa\Library\PackageCache\com.unity.visualscripting@1.7.8\Editor\VisualScripting.Core\Dependencies\DotNetZip\Unity.VisualScripting.IonicZip.dll
Native extension for WindowsStandalone target not found
Native extension for WebGL target not found
Refreshing native plugins compatible for Editor in 0.69 ms, found 3 plugins.
Preloading 0 native plugins for Editor in 0.00 ms.
Mono: successfully reloaded assembly
- Completed reload, in  1.531 seconds
Domain Reload Profiling:
	ReloadAssembly (1531ms)
		BeginReloadAssembly (228ms)
			ExecutionOrderSort (0ms)
			DisableScriptedObjects (6ms)
			BackupInstance (0ms)
			ReleaseScriptingObjects (0ms)
			CreateAndSetChildDomain (50ms)
		EndReloadAssembly (1110ms)
			LoadAssemblies (153ms)
			RebuildTransferFunctionScriptingTraits (0ms)
			SetupTypeCache (317ms)
			ReleaseScriptCaches (1ms)
			RebuildScriptCaches (62ms)
			SetupLoadedEditorAssemblies (507ms)
				LogAssemblyErrors (0ms)
				InitializePlatformSupportModulesInManaged (33ms)
				SetLoadedEditorAssemblies (1ms)
				RefreshPlugins (1ms)
				BeforeProcessingInitializeOnLoad (153ms)
				ProcessInitializeOnLoadAttributes (236ms)
				ProcessInitializeOnLoadMethodAttributes (40ms)
				AfterProcessingInitializeOnLoad (44ms)
				EditorAssembliesLoaded (0ms)
			ExecutionOrderSort2 (0ms)
			AwakeInstancesAfterBackupRestoration (10ms)
Platform modules already initialized, skipping
Refreshing native plugins compatible for Editor in 4.22 ms, found 3 plugins.
Preloading 0 native plugins for Editor in 0.00 ms.
Unloading 3375 Unused Serialized files (Serialized files now loaded: 0)
Unloading 20 unused Assets / (78.5 KB). Loaded Objects now: 3885.
Memory consumption went from 122.0 MB to 121.9 MB.
Total: 3.633600 ms (FindLiveObjects: 0.293600 ms CreateObjectMapping: 0.080900 ms MarkObjects: 3.157300 ms  DeleteObjects: 0.100500 ms)

AssetImportParameters requested are different than current active one (requested -> active):
  custom:video-decoder-ogg-theora: a1e56fd34408186e4bbccfd4996cb3dc -> 
  custom:container-muxer-webm: aa71ff27fc2769a1b78a27578f13a17b -> 
  custom:container-demuxer-webm: 4f35f7cbe854078d1ac9338744f61a02 -> 
  custom:video-encoder-webm-vp8: eb34c28f22e8b96e1ab97ce403110664 -> 
  custom:audio-encoder-webm-vorbis: bf7c407c2cedff20999df2af8eb42d56 -> 
  custom:framework-win-MediaFoundation: 216162199b28c13a410421893ffa2e32 -> 
  custom:container-demuxer-ogg: 62fdf1f143b41e24485cea50d1cbac27 -> 
  custom:video-decoder-webm-vp8: 9c59270c3fd7afecdb556c50c9e8de78 -> 
  custom:audio-decoder-ogg-vorbis: bf7c407c2cedff20999df2af8eb42d56 -> 
========================================================================
Received Import Request.
  Time since last request: 616.991618 seconds.
  path: Assets/Prefabs/SubLevels/Bloco_3.prefab
  artifactKey: Guid(cdbbac9beb391d840809a27c066abf40) Importer(815301076,1909f56bfc062723c751e8b465ee728b)
Start importing Assets/Prefabs/SubLevels/Bloco_3.prefab using Guid(cdbbac9beb391d840809a27c066abf40) Importer(815301076,1909f56bfc062723c751e8b465ee728b)  -> (artifact id: 'c34895406ee0d5972a8d933073eeec83') in 0.336737 seconds 
========================================================================
Received Prepare
Registering precompiled user dll's ...
Registered in 0.016404 seconds.
Begin MonoManager ReloadAssembly
Symbol file LoadedFromMemory doesn't match image C:\Users\Anderson\Documents\Aulas de Programação\Unity\Primeiro Jogo\LongeDeCasa\Library\PackageCache\com.unity.visualscripting@1.7.8\Editor\VisualScripting.Core\Dependencies\YamlDotNet\Unity.VisualScripting.YamlDotNet.dll
Symbol file LoadedFromMemory doesn't match image C:\Users\Anderson\Documents\Aulas de Programação\Unity\Primeiro Jogo\LongeDeCasa\Library\PackageCache\com.unity.visualscripting@1.7.8\Editor\VisualScripting.Core\Dependencies\DotNetZip\Unity.VisualScripting.IonicZip.dll
Native extension for WindowsStandalone target not found
Native extension for WebGL target not found
Refreshing native plugins compatible for Editor in 0.90 ms, found 3 plugins.
Preloading 0 native plugins for Editor in 0.00 ms.
Mono: successfully reloaded assembly
- Completed reload, in  1.555 seconds
Domain Reload Profiling:
	ReloadAssembly (1556ms)
		BeginReloadAssembly (214ms)
			ExecutionOrderSort (0ms)
			DisableScriptedObjects (6ms)
			BackupInstance (0ms)
			ReleaseScriptingObjects (0ms)
			CreateAndSetChildDomain (38ms)
		EndReloadAssembly (1137ms)
			LoadAssemblies (164ms)
			RebuildTransferFunctionScriptingTraits (0ms)
			SetupTypeCache (315ms)
			ReleaseScriptCaches (1ms)
			RebuildScriptCaches (57ms)
			SetupLoadedEditorAssemblies (532ms)
				LogAssemblyErrors (0ms)
				InitializePlatformSupportModulesInManaged (35ms)
				SetLoadedEditorAssemblies (1ms)
				RefreshPlugins (1ms)
				BeforeProcessingInitializeOnLoad (168ms)
				ProcessInitializeOnLoadAttributes (243ms)
				ProcessInitializeOnLoadMethodAttributes (36ms)
				AfterProcessingInitializeOnLoad (49ms)
				EditorAssembliesLoaded (0ms)
			ExecutionOrderSort2 (0ms)
			AwakeInstancesAfterBackupRestoration (9ms)
Platform modules already initialized, skipping
Refreshing native plugins compatible for Editor in 4.05 ms, found 3 plugins.
Preloading 0 native plugins for Editor in 0.00 ms.
Unloading 3375 Unused Serialized files (Serialized files now loaded: 0)
Unloading 20 unused Assets / (78.5 KB). Loaded Objects now: 3889.
Memory consumption went from 122.0 MB to 122.0 MB.
Total: 3.691400 ms (FindLiveObjects: 0.319600 ms CreateObjectMapping: 0.100700 ms MarkObjects: 3.170100 ms  DeleteObjects: 0.099600 ms)

AssetImportParameters requested are different than current active one (requested -> active):
  custom:video-decoder-ogg-theora: a1e56fd34408186e4bbccfd4996cb3dc -> 
  custom:container-muxer-webm: aa71ff27fc2769a1b78a27578f13a17b -> 
  custom:container-demuxer-webm: 4f35f7cbe854078d1ac9338744f61a02 -> 
  custom:video-encoder-webm-vp8: eb34c28f22e8b96e1ab97ce403110664 -> 
  custom:audio-encoder-webm-vorbis: bf7c407c2cedff20999df2af8eb42d56 -> 
  custom:framework-win-MediaFoundation: 216162199b28c13a410421893ffa2e32 -> 
  custom:container-demuxer-ogg: 62fdf1f143b41e24485cea50d1cbac27 -> 
  custom:video-decoder-webm-vp8: 9c59270c3fd7afecdb556c50c9e8de78 -> 
  custom:audio-decoder-ogg-vorbis: bf7c407c2cedff20999df2af8eb42d56 -> 
========================================================================
Received Prepare
Registering precompiled user dll's ...
Registered in 0.016351 seconds.
Begin MonoManager ReloadAssembly
Symbol file LoadedFromMemory doesn't match image C:\Users\Anderson\Documents\Aulas de Programação\Unity\Primeiro Jogo\LongeDeCasa\Library\PackageCache\com.unity.visualscripting@1.7.8\Editor\VisualScripting.Core\Dependencies\YamlDotNet\Unity.VisualScripting.YamlDotNet.dll
Symbol file LoadedFromMemory doesn't match image C:\Users\Anderson\Documents\Aulas de Programação\Unity\Primeiro Jogo\LongeDeCasa\Library\PackageCache\com.unity.visualscripting@1.7.8\Editor\VisualScripting.Core\Dependencies\DotNetZip\Unity.VisualScripting.IonicZip.dll
Native extension for WindowsStandalone target not found
Native extension for WebGL target not found
Refreshing native plugins compatible for Editor in 0.93 ms, found 3 plugins.
Preloading 0 native plugins for Editor in 0.00 ms.
Mono: successfully reloaded assembly
- Completed reload, in  1.495 seconds
Domain Reload Profiling:
	ReloadAssembly (1496ms)
		BeginReloadAssembly (210ms)
			ExecutionOrderSort (0ms)
			DisableScriptedObjects (7ms)
			BackupInstance (0ms)
			ReleaseScriptingObjects (0ms)
			CreateAndSetChildDomain (39ms)
		EndReloadAssembly (1108ms)
			LoadAssemblies (153ms)
			RebuildTransferFunctionScriptingTraits (0ms)
			SetupTypeCache (323ms)
			ReleaseScriptCaches (1ms)
			RebuildScriptCaches (47ms)
			SetupLoadedEditorAssemblies (518ms)
				LogAssemblyErrors (0ms)
				InitializePlatformSupportModulesInManaged (33ms)
				SetLoadedEditorAssemblies (1ms)
				RefreshPlugins (1ms)
				BeforeProcessingInitializeOnLoad (167ms)
				ProcessInitializeOnLoadAttributes (236ms)
				ProcessInitializeOnLoadMethodAttributes (34ms)
				AfterProcessingInitializeOnLoad (46ms)
				EditorAssembliesLoaded (0ms)
			ExecutionOrderSort2 (0ms)
			AwakeInstancesAfterBackupRestoration (8ms)
Platform modules already initialized, skipping
Refreshing native plugins compatible for Editor in 5.17 ms, found 3 plugins.
Preloading 0 native plugins for Editor in 0.00 ms.
Unloading 3375 Unused Serialized files (Serialized files now loaded: 0)
Unloading 20 unused Assets / (78.5 KB). Loaded Objects now: 3892.
Memory consumption went from 122.0 MB to 122.0 MB.
Total: 3.490300 ms (FindLiveObjects: 0.355200 ms CreateObjectMapping: 0.110300 ms MarkObjects: 2.919100 ms  DeleteObjects: 0.104300 ms)

AssetImportParameters requested are different than current active one (requested -> active):
  custom:video-decoder-ogg-theora: a1e56fd34408186e4bbccfd4996cb3dc -> 
  custom:container-muxer-webm: aa71ff27fc2769a1b78a27578f13a17b -> 
  custom:container-demuxer-webm: 4f35f7cbe854078d1ac9338744f61a02 -> 
  custom:video-encoder-webm-vp8: eb34c28f22e8b96e1ab97ce403110664 -> 
  custom:audio-encoder-webm-vorbis: bf7c407c2cedff20999df2af8eb42d56 -> 
  custom:framework-win-MediaFoundation: 216162199b28c13a410421893ffa2e32 -> 
  custom:container-demuxer-ogg: 62fdf1f143b41e24485cea50d1cbac27 -> 
  custom:video-decoder-webm-vp8: 9c59270c3fd7afecdb556c50c9e8de78 -> 
  custom:audio-decoder-ogg-vorbis: bf7c407c2cedff20999df2af8eb42d56 -> 
