Using pre-set license
Built from '2021.3/staging' branch; Version is '2021.3.8f1 (b30333d56e81) revision 11731763'; Using compiler version '192829333'; Build Type 'Release'
OS: 'Windows 10  (10.0.19044) 64bit Professional' Language: 'pt' Physical Memory: 16334 MB
BatchMode: 1, IsHumanControllingUs: 0, StartBugReporterOnCrash: 0, Is64bit: 1, IsPro: 1

COMMAND LINE ARGUMENTS:
C:\Program Files\Unity\Hub\Editor\2021.3.8f1\Editor\Unity.exe
-adb2
-batchMode
-noUpm
-name
AssetImportWorker0
-projectPath
C:/Users/Anderson/Documents/Aulas de Programação/Unity primeiro jogo/LongeDeCasa
-logFile
Logs/AssetImportWorker0.log
-srvPort
55755
Successfully changed project path to: C:/Users/Anderson/Documents/Aulas de Programação/Unity primeiro jogo/LongeDeCasa
C:/Users/Anderson/Documents/Aulas de Programação/Unity primeiro jogo/LongeDeCasa
[UnityMemory] Configuration Parameters - Can be set up in boot.config
    "memorysetup-bucket-allocator-granularity=16"
    "memorysetup-bucket-allocator-bucket-count=8"
    "memorysetup-bucket-allocator-block-size=33554432"
    "memorysetup-bucket-allocator-block-count=8"
    "memorysetup-main-allocator-block-size=16777216"
    "memorysetup-thread-allocator-block-size=16777216"
    "memorysetup-gfx-main-allocator-block-size=16777216"
    "memorysetup-gfx-thread-allocator-block-size=16777216"
    "memorysetup-cache-allocator-block-size=4194304"
    "memorysetup-typetree-allocator-block-size=2097152"
    "memorysetup-profiler-bucket-allocator-granularity=16"
    "memorysetup-profiler-bucket-allocator-bucket-count=8"
    "memorysetup-profiler-bucket-allocator-block-size=33554432"
    "memorysetup-profiler-bucket-allocator-block-count=8"
    "memorysetup-profiler-allocator-block-size=16777216"
    "memorysetup-profiler-editor-allocator-block-size=1048576"
    "memorysetup-temp-allocator-size-main=16777216"
    "memorysetup-job-temp-allocator-block-size=2097152"
    "memorysetup-job-temp-allocator-block-size-background=1048576"
    "memorysetup-job-temp-allocator-reduction-small-platforms=262144"
    "memorysetup-temp-allocator-size-background-worker=32768"
    "memorysetup-temp-allocator-size-job-worker=262144"
    "memorysetup-temp-allocator-size-preload-manager=33554432"
    "memorysetup-temp-allocator-size-nav-mesh-worker=65536"
    "memorysetup-temp-allocator-size-audio-worker=65536"
    "memorysetup-temp-allocator-size-cloud-worker=32768"
    "memorysetup-temp-allocator-size-gi-baking-worker=262144"
    "memorysetup-temp-allocator-size-gfx=262144"
Refreshing native plugins compatible for Editor in 99.86 ms, found 3 plugins.
Preloading 0 native plugins for Editor in 0.00 ms.
Initialize engine version: 2021.3.8f1 (b30333d56e81)
[Subsystems] Discovering subsystems at path C:/Program Files/Unity/Hub/Editor/2021.3.8f1/Editor/Data/Resources/UnitySubsystems
[Subsystems] Discovering subsystems at path C:/Users/Anderson/Documents/Aulas de Programação/Unity primeiro jogo/LongeDeCasa/Assets
GfxDevice: creating device client; threaded=0; jobified=0
Direct3D:
    Version:  Direct3D 11.0 [level 11.1]
    Renderer: NVIDIA GeForce GTX 1060 6GB (ID=0x1b83)
    Vendor:   NVIDIA
    VRAM:     6052 MB
    Driver:   30.0.15.1215
Initialize mono
Mono path[0] = 'C:/Program Files/Unity/Hub/Editor/2021.3.8f1/Editor/Data/Managed'
Mono path[1] = 'C:/Program Files/Unity/Hub/Editor/2021.3.8f1/Editor/Data/MonoBleedingEdge/lib/mono/unityjit-win32'
Mono config path = 'C:/Program Files/Unity/Hub/Editor/2021.3.8f1/Editor/Data/MonoBleedingEdge/etc'
Using monoOptions --debugger-agent=transport=dt_socket,embedding=1,server=y,suspend=n,address=127.0.0.1:56696
Begin MonoManager ReloadAssembly
Registering precompiled unity dll's ...
Register platform support module: C:/Program Files/Unity/Hub/Editor/2021.3.8f1/Editor/Data/PlaybackEngines/WebGLSupport/UnityEditor.WebGL.Extensions.dll
Register platform support module: C:/Program Files/Unity/Hub/Editor/2021.3.8f1/Editor/Data/PlaybackEngines/WindowsStandaloneSupport/UnityEditor.WindowsStandalone.Extensions.dll
Registered in 0.048128 seconds.
Native extension for WindowsStandalone target not found
Native extension for WebGL target not found
Refreshing native plugins compatible for Editor in 99.00 ms, found 3 plugins.
Preloading 0 native plugins for Editor in 0.00 ms.
Mono: successfully reloaded assembly
- Completed reload, in  0.908 seconds
Domain Reload Profiling:
	ReloadAssembly (909ms)
		BeginReloadAssembly (125ms)
			ExecutionOrderSort (0ms)
			DisableScriptedObjects (0ms)
			BackupInstance (0ms)
			ReleaseScriptingObjects (0ms)
			CreateAndSetChildDomain (1ms)
		EndReloadAssembly (568ms)
			LoadAssemblies (115ms)
			RebuildTransferFunctionScriptingTraits (0ms)
			SetupTypeCache (122ms)
			ReleaseScriptCaches (0ms)
			RebuildScriptCaches (33ms)
			SetupLoadedEditorAssemblies (329ms)
				LogAssemblyErrors (0ms)
				InitializePlatformSupportModulesInManaged (23ms)
				SetLoadedEditorAssemblies (0ms)
				RefreshPlugins (99ms)
				BeforeProcessingInitializeOnLoad (1ms)
				ProcessInitializeOnLoadAttributes (150ms)
				ProcessInitializeOnLoadMethodAttributes (55ms)
				AfterProcessingInitializeOnLoad (0ms)
				EditorAssembliesLoaded (0ms)
			ExecutionOrderSort2 (0ms)
			AwakeInstancesAfterBackupRestoration (0ms)
Platform modules already initialized, skipping
Registering precompiled user dll's ...
Registered in 0.017847 seconds.
Begin MonoManager ReloadAssembly
Symbol file LoadedFromMemory doesn't match image C:\Users\Anderson\Documents\Aulas de Programação\Unity primeiro jogo\LongeDeCasa\Library\PackageCache\com.unity.visualscripting@1.7.8\Editor\VisualScripting.Core\Dependencies\YamlDotNet\Unity.VisualScripting.YamlDotNet.dll
Symbol file LoadedFromMemory doesn't match image C:\Users\Anderson\Documents\Aulas de Programação\Unity primeiro jogo\LongeDeCasa\Library\PackageCache\com.unity.visualscripting@1.7.8\Editor\VisualScripting.Core\Dependencies\DotNetZip\Unity.VisualScripting.IonicZip.dll
Native extension for WindowsStandalone target not found
Native extension for WebGL target not found
Refreshing native plugins compatible for Editor in 0.62 ms, found 3 plugins.
Preloading 0 native plugins for Editor in 0.00 ms.
Mono: successfully reloaded assembly
- Completed reload, in  1.446 seconds
Domain Reload Profiling:
	ReloadAssembly (1447ms)
		BeginReloadAssembly (155ms)
			ExecutionOrderSort (0ms)
			DisableScriptedObjects (7ms)
			BackupInstance (0ms)
			ReleaseScriptingObjects (0ms)
			CreateAndSetChildDomain (19ms)
		EndReloadAssembly (1093ms)
			LoadAssemblies (128ms)
			RebuildTransferFunctionScriptingTraits (0ms)
			SetupTypeCache (317ms)
			ReleaseScriptCaches (1ms)
			RebuildScriptCaches (54ms)
			SetupLoadedEditorAssemblies (543ms)
				LogAssemblyErrors (0ms)
				InitializePlatformSupportModulesInManaged (21ms)
				SetLoadedEditorAssemblies (1ms)
				RefreshPlugins (1ms)
				BeforeProcessingInitializeOnLoad (185ms)
				ProcessInitializeOnLoadAttributes (262ms)
				ProcessInitializeOnLoadMethodAttributes (34ms)
				AfterProcessingInitializeOnLoad (41ms)
				EditorAssembliesLoaded (0ms)
			ExecutionOrderSort2 (0ms)
			AwakeInstancesAfterBackupRestoration (8ms)
Platform modules already initialized, skipping
========================================================================
Worker process is ready to serve import requests
Launched and connected shader compiler UnityShaderCompiler.exe after 0.30 seconds
Refreshing native plugins compatible for Editor in 0.60 ms, found 3 plugins.
Preloading 0 native plugins for Editor in 0.00 ms.
Unloading 3379 Unused Serialized files (Serialized files now loaded: 0)
Unloading 27 unused Assets / (111.5 KB). Loaded Objects now: 3836.
Memory consumption went from 117.3 MB to 117.2 MB.
Total: 3.482000 ms (FindLiveObjects: 0.338900 ms CreateObjectMapping: 0.095500 ms MarkObjects: 2.926700 ms  DeleteObjects: 0.120000 ms)

AssetImportParameters requested are different than current active one (requested -> active):
  custom:video-decoder-ogg-theora: a1e56fd34408186e4bbccfd4996cb3dc -> 
  custom:container-muxer-webm: aa71ff27fc2769a1b78a27578f13a17b -> 
  custom:container-demuxer-webm: 4f35f7cbe854078d1ac9338744f61a02 -> 
  custom:video-encoder-webm-vp8: eb34c28f22e8b96e1ab97ce403110664 -> 
  custom:audio-encoder-webm-vorbis: bf7c407c2cedff20999df2af8eb42d56 -> 
  custom:framework-win-MediaFoundation: 216162199b28c13a410421893ffa2e32 -> 
  custom:container-demuxer-ogg: 62fdf1f143b41e24485cea50d1cbac27 -> 
  custom:video-decoder-webm-vp8: 9c59270c3fd7afecdb556c50c9e8de78 -> 
  custom:audio-decoder-ogg-vorbis: bf7c407c2cedff20999df2af8eb42d56 -> 
========================================================================
Received Import Request.
  Time since last request: 216256.599307 seconds.
  path: Assets/Jogador.prefab
  artifactKey: Guid(363162ed9460dfe40a8e98825a5c0df8) Importer(815301076,1909f56bfc062723c751e8b465ee728b)
Start importing Assets/Jogador.prefab using Guid(363162ed9460dfe40a8e98825a5c0df8) Importer(815301076,1909f56bfc062723c751e8b465ee728b)  -> (artifact id: '2affdec1291dad8f2d2d5ff2c7bd0be6') in 0.172650 seconds 
========================================================================
Received Import Request.
  Time since last request: 404.172336 seconds.
  path: Assets/Jogador.prefab
  artifactKey: Guid(363162ed9460dfe40a8e98825a5c0df8) Importer(815301076,1909f56bfc062723c751e8b465ee728b)
Start importing Assets/Jogador.prefab using Guid(363162ed9460dfe40a8e98825a5c0df8) Importer(815301076,1909f56bfc062723c751e8b465ee728b)  -> (artifact id: '854b30ce2b5a378bc1434b01eb26570b') in 0.021895 seconds 
========================================================================
Received Import Request.
  Time since last request: 1.254226 seconds.
  path: Assets/PlayerController.cs
  artifactKey: Guid(d95c57e088ad41e4a986f41f35040795) Importer(815301076,1909f56bfc062723c751e8b465ee728b)
Start importing Assets/PlayerController.cs using Guid(d95c57e088ad41e4a986f41f35040795) Importer(815301076,1909f56bfc062723c751e8b465ee728b)  -> (artifact id: 'c0a4cfdd26e8020725e8921012357df5') in 0.011009 seconds 
========================================================================
Received Prepare
Registering precompiled user dll's ...
Registered in 0.017761 seconds.
Begin MonoManager ReloadAssembly
Symbol file LoadedFromMemory doesn't match image C:\Users\Anderson\Documents\Aulas de Programação\Unity primeiro jogo\LongeDeCasa\Library\PackageCache\com.unity.visualscripting@1.7.8\Editor\VisualScripting.Core\Dependencies\YamlDotNet\Unity.VisualScripting.YamlDotNet.dll
Symbol file LoadedFromMemory doesn't match image C:\Users\Anderson\Documents\Aulas de Programação\Unity primeiro jogo\LongeDeCasa\Library\PackageCache\com.unity.visualscripting@1.7.8\Editor\VisualScripting.Core\Dependencies\DotNetZip\Unity.VisualScripting.IonicZip.dll
Native extension for WindowsStandalone target not found
Native extension for WebGL target not found
Refreshing native plugins compatible for Editor in 0.63 ms, found 3 plugins.
Preloading 0 native plugins for Editor in 0.00 ms.
Mono: successfully reloaded assembly
- Completed reload, in  1.412 seconds
Domain Reload Profiling:
	ReloadAssembly (1413ms)
		BeginReloadAssembly (215ms)
			ExecutionOrderSort (0ms)
			DisableScriptedObjects (6ms)
			BackupInstance (0ms)
			ReleaseScriptingObjects (0ms)
			CreateAndSetChildDomain (40ms)
		EndReloadAssembly (1019ms)
			LoadAssemblies (149ms)
			RebuildTransferFunctionScriptingTraits (0ms)
			SetupTypeCache (295ms)
			ReleaseScriptCaches (1ms)
			RebuildScriptCaches (50ms)
			SetupLoadedEditorAssemblies (475ms)
				LogAssemblyErrors (0ms)
				InitializePlatformSupportModulesInManaged (34ms)
				SetLoadedEditorAssemblies (1ms)
				RefreshPlugins (1ms)
				BeforeProcessingInitializeOnLoad (145ms)
				ProcessInitializeOnLoadAttributes (222ms)
				ProcessInitializeOnLoadMethodAttributes (32ms)
				AfterProcessingInitializeOnLoad (41ms)
				EditorAssembliesLoaded (0ms)
			ExecutionOrderSort2 (0ms)
			AwakeInstancesAfterBackupRestoration (8ms)
Platform modules already initialized, skipping
Refreshing native plugins compatible for Editor in 3.92 ms, found 3 plugins.
Preloading 0 native plugins for Editor in 0.00 ms.
Unloading 3374 Unused Serialized files (Serialized files now loaded: 0)
Unloading 20 unused Assets / (78.4 KB). Loaded Objects now: 3847.
Memory consumption went from 121.6 MB to 121.5 MB.
Total: 3.204900 ms (FindLiveObjects: 0.260100 ms CreateObjectMapping: 0.079300 ms MarkObjects: 2.781200 ms  DeleteObjects: 0.083400 ms)

AssetImportParameters requested are different than current active one (requested -> active):
  custom:video-decoder-ogg-theora: a1e56fd34408186e4bbccfd4996cb3dc -> 
  custom:container-muxer-webm: aa71ff27fc2769a1b78a27578f13a17b -> 
  custom:container-demuxer-webm: 4f35f7cbe854078d1ac9338744f61a02 -> 
  custom:video-encoder-webm-vp8: eb34c28f22e8b96e1ab97ce403110664 -> 
  custom:audio-encoder-webm-vorbis: bf7c407c2cedff20999df2af8eb42d56 -> 
  custom:framework-win-MediaFoundation: 216162199b28c13a410421893ffa2e32 -> 
  custom:container-demuxer-ogg: 62fdf1f143b41e24485cea50d1cbac27 -> 
  custom:video-decoder-webm-vp8: 9c59270c3fd7afecdb556c50c9e8de78 -> 
  custom:audio-decoder-ogg-vorbis: bf7c407c2cedff20999df2af8eb42d56 -> 
========================================================================
Received Import Request.
  Time since last request: 1626.021957 seconds.
  path: ProjectSettings/TagManager.asset
  artifactKey: Guid(00000000000000003000000000000000) Importer(815301076,1909f56bfc062723c751e8b465ee728b)
Start importing ProjectSettings/TagManager.asset using Guid(00000000000000003000000000000000) Importer(815301076,1909f56bfc062723c751e8b465ee728b)  -> (artifact id: '5f74b9f0782f3ffe8a654b2b60a9f33c') in 0.023158 seconds 
========================================================================
Received Import Request.
  Time since last request: 36.173842 seconds.
  path: Assets/Bloco_1.prefab
  artifactKey: Guid(bdcfaa00f7327cc4bb62db9999376729) Importer(815301076,1909f56bfc062723c751e8b465ee728b)
Start importing Assets/Bloco_1.prefab using Guid(bdcfaa00f7327cc4bb62db9999376729) Importer(815301076,1909f56bfc062723c751e8b465ee728b)  -> (artifact id: 'f23442e9991b3b8e4beff44d3cf29cd4') in 0.094365 seconds 
========================================================================
Received Import Request.
  Time since last request: 8.397080 seconds.
  path: Assets/Bloco_1.prefab
  artifactKey: Guid(bdcfaa00f7327cc4bb62db9999376729) Importer(815301076,1909f56bfc062723c751e8b465ee728b)
Start importing Assets/Bloco_1.prefab using Guid(bdcfaa00f7327cc4bb62db9999376729) Importer(815301076,1909f56bfc062723c751e8b465ee728b)  -> (artifact id: 'c180ec494321f97fba0fca4db832c751') in 0.021595 seconds 
========================================================================
Received Import Request.
  Time since last request: 4.499510 seconds.
  path: Assets/Bloco_1.prefab
  artifactKey: Guid(bdcfaa00f7327cc4bb62db9999376729) Importer(815301076,1909f56bfc062723c751e8b465ee728b)
Start importing Assets/Bloco_1.prefab using Guid(bdcfaa00f7327cc4bb62db9999376729) Importer(815301076,1909f56bfc062723c751e8b465ee728b)  -> (artifact id: 'e8d7d494f17b2a85dc00ab3816660b6d') in 0.020788 seconds 
========================================================================
Received Import Request.
  Time since last request: 0.000018 seconds.
  path: Assets/Inimigo3.prefab
  artifactKey: Guid(e23f90a8c7c0a9146ba339b8af44f59e) Importer(815301076,1909f56bfc062723c751e8b465ee728b)
Start importing Assets/Inimigo3.prefab using Guid(e23f90a8c7c0a9146ba339b8af44f59e) Importer(815301076,1909f56bfc062723c751e8b465ee728b)  -> (artifact id: '8e8681c84c9cf5be7268b5243110497e') in 0.015012 seconds 
========================================================================
Received Import Request.
  Time since last request: 17.320263 seconds.
  path: Assets/Bloco_1.prefab
  artifactKey: Guid(bdcfaa00f7327cc4bb62db9999376729) Importer(815301076,1909f56bfc062723c751e8b465ee728b)
Start importing Assets/Bloco_1.prefab using Guid(bdcfaa00f7327cc4bb62db9999376729) Importer(815301076,1909f56bfc062723c751e8b465ee728b)  -> (artifact id: 'b12a3eac3a24b6b630fce61b69bbf11f') in 0.023142 seconds 
========================================================================
Received Import Request.
  Time since last request: 251.783217 seconds.
  path: Assets/GameContoller.cs
  artifactKey: Guid(0939b1d515d4f4b45909f756c168d3e4) Importer(815301076,1909f56bfc062723c751e8b465ee728b)
Start importing Assets/GameContoller.cs using Guid(0939b1d515d4f4b45909f756c168d3e4) Importer(815301076,1909f56bfc062723c751e8b465ee728b)  -> (artifact id: '836acd8349de811c46cfd5b721143a6f') in 0.004945 seconds 
========================================================================
Received Prepare
Registering precompiled user dll's ...
Registered in 0.019039 seconds.
Begin MonoManager ReloadAssembly
Symbol file LoadedFromMemory doesn't match image C:\Users\Anderson\Documents\Aulas de Programação\Unity primeiro jogo\LongeDeCasa\Library\PackageCache\com.unity.visualscripting@1.7.8\Editor\VisualScripting.Core\Dependencies\YamlDotNet\Unity.VisualScripting.YamlDotNet.dll
Symbol file LoadedFromMemory doesn't match image C:\Users\Anderson\Documents\Aulas de Programação\Unity primeiro jogo\LongeDeCasa\Library\PackageCache\com.unity.visualscripting@1.7.8\Editor\VisualScripting.Core\Dependencies\DotNetZip\Unity.VisualScripting.IonicZip.dll
Native extension for WindowsStandalone target not found
Native extension for WebGL target not found
Refreshing native plugins compatible for Editor in 0.82 ms, found 3 plugins.
Preloading 0 native plugins for Editor in 0.00 ms.
Mono: successfully reloaded assembly
- Completed reload, in  1.462 seconds
Domain Reload Profiling:
	ReloadAssembly (1463ms)
		BeginReloadAssembly (215ms)
			ExecutionOrderSort (0ms)
			DisableScriptedObjects (5ms)
			BackupInstance (0ms)
			ReleaseScriptingObjects (0ms)
			CreateAndSetChildDomain (45ms)
		EndReloadAssembly (1062ms)
			LoadAssemblies (147ms)
			RebuildTransferFunctionScriptingTraits (0ms)
			SetupTypeCache (306ms)
			ReleaseScriptCaches (1ms)
			RebuildScriptCaches (49ms)
			SetupLoadedEditorAssemblies (501ms)
				LogAssemblyErrors (0ms)
				InitializePlatformSupportModulesInManaged (34ms)
				SetLoadedEditorAssemblies (1ms)
				RefreshPlugins (1ms)
				BeforeProcessingInitializeOnLoad (156ms)
				ProcessInitializeOnLoadAttributes (228ms)
				ProcessInitializeOnLoadMethodAttributes (33ms)
				AfterProcessingInitializeOnLoad (49ms)
				EditorAssembliesLoaded (0ms)
			ExecutionOrderSort2 (0ms)
			AwakeInstancesAfterBackupRestoration (9ms)
Platform modules already initialized, skipping
Refreshing native plugins compatible for Editor in 5.36 ms, found 3 plugins.
Preloading 0 native plugins for Editor in 0.00 ms.
Unloading 3375 Unused Serialized files (Serialized files now loaded: 0)
Unloading 21 unused Assets / (78.7 KB). Loaded Objects now: 3853.
Memory consumption went from 121.7 MB to 121.6 MB.
Total: 4.139900 ms (FindLiveObjects: 0.325700 ms CreateObjectMapping: 0.104700 ms MarkObjects: 3.554100 ms  DeleteObjects: 0.154000 ms)

AssetImportParameters requested are different than current active one (requested -> active):
  custom:video-decoder-ogg-theora: a1e56fd34408186e4bbccfd4996cb3dc -> 
  custom:container-muxer-webm: aa71ff27fc2769a1b78a27578f13a17b -> 
  custom:container-demuxer-webm: 4f35f7cbe854078d1ac9338744f61a02 -> 
  custom:video-encoder-webm-vp8: eb34c28f22e8b96e1ab97ce403110664 -> 
  custom:audio-encoder-webm-vorbis: bf7c407c2cedff20999df2af8eb42d56 -> 
  custom:framework-win-MediaFoundation: 216162199b28c13a410421893ffa2e32 -> 
  custom:container-demuxer-ogg: 62fdf1f143b41e24485cea50d1cbac27 -> 
  custom:video-decoder-webm-vp8: 9c59270c3fd7afecdb556c50c9e8de78 -> 
  custom:audio-decoder-ogg-vorbis: bf7c407c2cedff20999df2af8eb42d56 -> 
========================================================================
Received Import Request.
  Time since last request: 848.505668 seconds.
  path: Assets/Scenes/SampleScene.unity
  artifactKey: Guid(9fc0d4010bbf28b4594072e72b8655ab) Importer(815301076,1909f56bfc062723c751e8b465ee728b)
Start importing Assets/Scenes/SampleScene.unity using Guid(9fc0d4010bbf28b4594072e72b8655ab) Importer(815301076,1909f56bfc062723c751e8b465ee728b)  -> (artifact id: 'df204ce10a4d5a003d0f9034eedd1fa5') in 0.012369 seconds 
========================================================================
Received Import Request.
  Time since last request: 24.905169 seconds.
  path: Assets/Scenes/Level_1.unity
  artifactKey: Guid(9fc0d4010bbf28b4594072e72b8655ab) Importer(815301076,1909f56bfc062723c751e8b465ee728b)
Start importing Assets/Scenes/Level_1.unity using Guid(9fc0d4010bbf28b4594072e72b8655ab) Importer(815301076,1909f56bfc062723c751e8b465ee728b)  -> (artifact id: 'd7df7d0f6a9f064bdb2aa844a9f2b298') in 0.005864 seconds 
========================================================================
Received Import Request.
  Time since last request: 1504.203418 seconds.
  path: Assets/Jogador.prefab
  artifactKey: Guid(363162ed9460dfe40a8e98825a5c0df8) Importer(815301076,1909f56bfc062723c751e8b465ee728b)
Start importing Assets/Jogador.prefab using Guid(363162ed9460dfe40a8e98825a5c0df8) Importer(815301076,1909f56bfc062723c751e8b465ee728b)  -> (artifact id: '44b1d37539e803ee10013ee93b7aebcf') in 0.092233 seconds 
========================================================================
Received Import Request.
  Time since last request: 63.448450 seconds.
  path: Assets/Jogador.prefab
  artifactKey: Guid(363162ed9460dfe40a8e98825a5c0df8) Importer(815301076,1909f56bfc062723c751e8b465ee728b)
Start importing Assets/Jogador.prefab using Guid(363162ed9460dfe40a8e98825a5c0df8) Importer(815301076,1909f56bfc062723c751e8b465ee728b)  -> (artifact id: '72dce92c6cbae93c2f3b18a4abb93f29') in 0.023568 seconds 
========================================================================
Received Import Request.
  Time since last request: 26.108772 seconds.
  path: Assets/Jogador.prefab
  artifactKey: Guid(363162ed9460dfe40a8e98825a5c0df8) Importer(815301076,1909f56bfc062723c751e8b465ee728b)
Start importing Assets/Jogador.prefab using Guid(363162ed9460dfe40a8e98825a5c0df8) Importer(815301076,1909f56bfc062723c751e8b465ee728b)  -> (artifact id: 'afcfd4820eeaf12f1c216d614d5fcd34') in 0.026677 seconds 
========================================================================
Received Import Request.
  Time since last request: 1147.637552 seconds.
  path: Assets/Jogador.prefab
  artifactKey: Guid(363162ed9460dfe40a8e98825a5c0df8) Importer(815301076,1909f56bfc062723c751e8b465ee728b)
Start importing Assets/Jogador.prefab using Guid(363162ed9460dfe40a8e98825a5c0df8) Importer(815301076,1909f56bfc062723c751e8b465ee728b)  -> (artifact id: 'c76c8f252c67b54398b94a51b3dfbc1b') in 0.034844 seconds 
========================================================================
Received Import Request.
  Time since last request: 605.485521 seconds.
  path: Assets/Jogador.prefab
  artifactKey: Guid(363162ed9460dfe40a8e98825a5c0df8) Importer(815301076,1909f56bfc062723c751e8b465ee728b)
Start importing Assets/Jogador.prefab using Guid(363162ed9460dfe40a8e98825a5c0df8) Importer(815301076,1909f56bfc062723c751e8b465ee728b)  -> (artifact id: 'b10c4e9c1c27c1d20fa5f08b82bda18b') in 0.014693 seconds 
========================================================================
Received Import Request.
  Time since last request: 1.928635 seconds.
  path: Assets/GameContoller.cs
  artifactKey: Guid(0939b1d515d4f4b45909f756c168d3e4) Importer(815301076,1909f56bfc062723c751e8b465ee728b)
Start importing Assets/GameContoller.cs using Guid(0939b1d515d4f4b45909f756c168d3e4) Importer(815301076,1909f56bfc062723c751e8b465ee728b)  -> (artifact id: 'c8328f560cc2dcff428866556ff97e8e') in 0.003628 seconds 
========================================================================
Received Import Request.
  Time since last request: 345.111997 seconds.
  path: Assets/Jogador.prefab
  artifactKey: Guid(363162ed9460dfe40a8e98825a5c0df8) Importer(815301076,1909f56bfc062723c751e8b465ee728b)
Start importing Assets/Jogador.prefab using Guid(363162ed9460dfe40a8e98825a5c0df8) Importer(815301076,1909f56bfc062723c751e8b465ee728b)  -> (artifact id: '1492134a8432a320fc1b1fe4c37ca852') in 0.015095 seconds 
========================================================================
Received Import Request.
  Time since last request: 60.781923 seconds.
  path: Assets/GameContoller.cs
  artifactKey: Guid(0939b1d515d4f4b45909f756c168d3e4) Importer(815301076,1909f56bfc062723c751e8b465ee728b)
Start importing Assets/GameContoller.cs using Guid(0939b1d515d4f4b45909f756c168d3e4) Importer(815301076,1909f56bfc062723c751e8b465ee728b)  -> (artifact id: '740c71c1326bd9f87895710bbf84f1f9') in 0.004307 seconds 
========================================================================
Received Import Request.
  Time since last request: 14.267784 seconds.
  path: Assets/GameController.cs
  artifactKey: Guid(0939b1d515d4f4b45909f756c168d3e4) Importer(815301076,1909f56bfc062723c751e8b465ee728b)
Start importing Assets/GameController.cs using Guid(0939b1d515d4f4b45909f756c168d3e4) Importer(815301076,1909f56bfc062723c751e8b465ee728b)  -> (artifact id: 'c103100c2b06ab12c272be8650690e73') in 0.005234 seconds 
========================================================================
Received Prepare
Registering precompiled user dll's ...
Registered in 0.017403 seconds.
Begin MonoManager ReloadAssembly
Symbol file LoadedFromMemory doesn't match image C:\Users\Anderson\Documents\Aulas de Programação\Unity primeiro jogo\LongeDeCasa\Library\PackageCache\com.unity.visualscripting@1.7.8\Editor\VisualScripting.Core\Dependencies\YamlDotNet\Unity.VisualScripting.YamlDotNet.dll
Symbol file LoadedFromMemory doesn't match image C:\Users\Anderson\Documents\Aulas de Programação\Unity primeiro jogo\LongeDeCasa\Library\PackageCache\com.unity.visualscripting@1.7.8\Editor\VisualScripting.Core\Dependencies\DotNetZip\Unity.VisualScripting.IonicZip.dll
Native extension for WindowsStandalone target not found
Native extension for WebGL target not found
Refreshing native plugins compatible for Editor in 0.62 ms, found 3 plugins.
Preloading 0 native plugins for Editor in 0.00 ms.
Mono: successfully reloaded assembly
- Completed reload, in  1.413 seconds
Domain Reload Profiling:
	ReloadAssembly (1414ms)
		BeginReloadAssembly (205ms)
			ExecutionOrderSort (0ms)
			DisableScriptedObjects (6ms)
			BackupInstance (0ms)
			ReleaseScriptingObjects (0ms)
			CreateAndSetChildDomain (40ms)
		EndReloadAssembly (1033ms)
			LoadAssemblies (145ms)
			RebuildTransferFunctionScriptingTraits (0ms)
			SetupTypeCache (287ms)
			ReleaseScriptCaches (1ms)
			RebuildScriptCaches (50ms)
			SetupLoadedEditorAssemblies (491ms)
				LogAssemblyErrors (0ms)
				InitializePlatformSupportModulesInManaged (32ms)
				SetLoadedEditorAssemblies (1ms)
				RefreshPlugins (1ms)
				BeforeProcessingInitializeOnLoad (150ms)
				ProcessInitializeOnLoadAttributes (230ms)
				ProcessInitializeOnLoadMethodAttributes (33ms)
				AfterProcessingInitializeOnLoad (44ms)
				EditorAssembliesLoaded (0ms)
			ExecutionOrderSort2 (0ms)
			AwakeInstancesAfterBackupRestoration (8ms)
Platform modules already initialized, skipping
Refreshing native plugins compatible for Editor in 4.01 ms, found 3 plugins.
Preloading 0 native plugins for Editor in 0.00 ms.
Unloading 3375 Unused Serialized files (Serialized files now loaded: 0)
Unloading 20 unused Assets / (78.5 KB). Loaded Objects now: 3856.
Memory consumption went from 121.7 MB to 121.6 MB.
Total: 3.379200 ms (FindLiveObjects: 0.267800 ms CreateObjectMapping: 0.079300 ms MarkObjects: 2.932200 ms  DeleteObjects: 0.099000 ms)

AssetImportParameters requested are different than current active one (requested -> active):
  custom:video-decoder-ogg-theora: a1e56fd34408186e4bbccfd4996cb3dc -> 
  custom:container-muxer-webm: aa71ff27fc2769a1b78a27578f13a17b -> 
  custom:container-demuxer-webm: 4f35f7cbe854078d1ac9338744f61a02 -> 
  custom:video-encoder-webm-vp8: eb34c28f22e8b96e1ab97ce403110664 -> 
  custom:audio-encoder-webm-vorbis: bf7c407c2cedff20999df2af8eb42d56 -> 
  custom:framework-win-MediaFoundation: 216162199b28c13a410421893ffa2e32 -> 
  custom:container-demuxer-ogg: 62fdf1f143b41e24485cea50d1cbac27 -> 
  custom:video-decoder-webm-vp8: 9c59270c3fd7afecdb556c50c9e8de78 -> 
  custom:audio-decoder-ogg-vorbis: bf7c407c2cedff20999df2af8eb42d56 -> 
========================================================================
Received Import Request.
  Time since last request: 580.971994 seconds.
  path: Assets/Jogador.prefab
  artifactKey: Guid(363162ed9460dfe40a8e98825a5c0df8) Importer(815301076,1909f56bfc062723c751e8b465ee728b)
Start importing Assets/Jogador.prefab using Guid(363162ed9460dfe40a8e98825a5c0df8) Importer(815301076,1909f56bfc062723c751e8b465ee728b)  -> (artifact id: '07c154c2427baad08bec3d5e2efacc84') in 0.086749 seconds 
========================================================================
Received Prepare
Registering precompiled user dll's ...
Registered in 0.017630 seconds.
Begin MonoManager ReloadAssembly
Symbol file LoadedFromMemory doesn't match image C:\Users\Anderson\Documents\Aulas de Programação\Unity primeiro jogo\LongeDeCasa\Library\PackageCache\com.unity.visualscripting@1.7.8\Editor\VisualScripting.Core\Dependencies\YamlDotNet\Unity.VisualScripting.YamlDotNet.dll
Symbol file LoadedFromMemory doesn't match image C:\Users\Anderson\Documents\Aulas de Programação\Unity primeiro jogo\LongeDeCasa\Library\PackageCache\com.unity.visualscripting@1.7.8\Editor\VisualScripting.Core\Dependencies\DotNetZip\Unity.VisualScripting.IonicZip.dll
Native extension for WindowsStandalone target not found
Native extension for WebGL target not found
Refreshing native plugins compatible for Editor in 0.96 ms, found 3 plugins.
Preloading 0 native plugins for Editor in 0.00 ms.
Mono: successfully reloaded assembly
- Completed reload, in  1.504 seconds
Domain Reload Profiling:
	ReloadAssembly (1505ms)
		BeginReloadAssembly (196ms)
			ExecutionOrderSort (0ms)
			DisableScriptedObjects (6ms)
			BackupInstance (0ms)
			ReleaseScriptingObjects (0ms)
			CreateAndSetChildDomain (34ms)
		EndReloadAssembly (1119ms)
			LoadAssemblies (143ms)
			RebuildTransferFunctionScriptingTraits (0ms)
			SetupTypeCache (343ms)
			ReleaseScriptCaches (1ms)
			RebuildScriptCaches (45ms)
			SetupLoadedEditorAssemblies (532ms)
				LogAssemblyErrors (0ms)
				InitializePlatformSupportModulesInManaged (32ms)
				SetLoadedEditorAssemblies (1ms)
				RefreshPlugins (1ms)
				BeforeProcessingInitializeOnLoad (168ms)
				ProcessInitializeOnLoadAttributes (245ms)
				ProcessInitializeOnLoadMethodAttributes (35ms)
				AfterProcessingInitializeOnLoad (50ms)
				EditorAssembliesLoaded (0ms)
			ExecutionOrderSort2 (0ms)
			AwakeInstancesAfterBackupRestoration (10ms)
Platform modules already initialized, skipping
Refreshing native plugins compatible for Editor in 3.74 ms, found 3 plugins.
Preloading 0 native plugins for Editor in 0.00 ms.
Unloading 3375 Unused Serialized files (Serialized files now loaded: 0)
Unloading 20 unused Assets / (78.5 KB). Loaded Objects now: 3859.
Memory consumption went from 121.7 MB to 121.6 MB.
Total: 4.020400 ms (FindLiveObjects: 0.331200 ms CreateObjectMapping: 0.414300 ms MarkObjects: 3.179500 ms  DeleteObjects: 0.094300 ms)

AssetImportParameters requested are different than current active one (requested -> active):
  custom:video-decoder-ogg-theora: a1e56fd34408186e4bbccfd4996cb3dc -> 
  custom:container-muxer-webm: aa71ff27fc2769a1b78a27578f13a17b -> 
  custom:container-demuxer-webm: 4f35f7cbe854078d1ac9338744f61a02 -> 
  custom:video-encoder-webm-vp8: eb34c28f22e8b96e1ab97ce403110664 -> 
  custom:audio-encoder-webm-vorbis: bf7c407c2cedff20999df2af8eb42d56 -> 
  custom:framework-win-MediaFoundation: 216162199b28c13a410421893ffa2e32 -> 
  custom:container-demuxer-ogg: 62fdf1f143b41e24485cea50d1cbac27 -> 
  custom:video-decoder-webm-vp8: 9c59270c3fd7afecdb556c50c9e8de78 -> 
  custom:audio-decoder-ogg-vorbis: bf7c407c2cedff20999df2af8eb42d56 -> 
========================================================================
Received Prepare
Registering precompiled user dll's ...
Registered in 0.017373 seconds.
Begin MonoManager ReloadAssembly
Symbol file LoadedFromMemory doesn't match image C:\Users\Anderson\Documents\Aulas de Programação\Unity primeiro jogo\LongeDeCasa\Library\PackageCache\com.unity.visualscripting@1.7.8\Editor\VisualScripting.Core\Dependencies\YamlDotNet\Unity.VisualScripting.YamlDotNet.dll
Symbol file LoadedFromMemory doesn't match image C:\Users\Anderson\Documents\Aulas de Programação\Unity primeiro jogo\LongeDeCasa\Library\PackageCache\com.unity.visualscripting@1.7.8\Editor\VisualScripting.Core\Dependencies\DotNetZip\Unity.VisualScripting.IonicZip.dll
Native extension for WindowsStandalone target not found
Native extension for WebGL target not found
Refreshing native plugins compatible for Editor in 0.63 ms, found 3 plugins.
Preloading 0 native plugins for Editor in 0.00 ms.
Mono: successfully reloaded assembly
- Completed reload, in  1.360 seconds
Domain Reload Profiling:
	ReloadAssembly (1361ms)
		BeginReloadAssembly (205ms)
			ExecutionOrderSort (0ms)
			DisableScriptedObjects (9ms)
			BackupInstance (0ms)
			ReleaseScriptingObjects (0ms)
			CreateAndSetChildDomain (39ms)
		EndReloadAssembly (982ms)
			LoadAssemblies (137ms)
			RebuildTransferFunctionScriptingTraits (0ms)
			SetupTypeCache (274ms)
			ReleaseScriptCaches (1ms)
			RebuildScriptCaches (42ms)
			SetupLoadedEditorAssemblies (483ms)
				LogAssemblyErrors (0ms)
				InitializePlatformSupportModulesInManaged (33ms)
				SetLoadedEditorAssemblies (1ms)
				RefreshPlugins (1ms)
				BeforeProcessingInitializeOnLoad (151ms)
				ProcessInitializeOnLoadAttributes (220ms)
				ProcessInitializeOnLoadMethodAttributes (31ms)
				AfterProcessingInitializeOnLoad (47ms)
				EditorAssembliesLoaded (0ms)
			ExecutionOrderSort2 (0ms)
			AwakeInstancesAfterBackupRestoration (8ms)
Platform modules already initialized, skipping
Refreshing native plugins compatible for Editor in 3.85 ms, found 3 plugins.
Preloading 0 native plugins for Editor in 0.00 ms.
Unloading 3375 Unused Serialized files (Serialized files now loaded: 0)
Unloading 20 unused Assets / (78.5 KB). Loaded Objects now: 3862.
Memory consumption went from 121.7 MB to 121.6 MB.
Total: 3.116100 ms (FindLiveObjects: 0.260000 ms CreateObjectMapping: 0.079900 ms MarkObjects: 2.689600 ms  DeleteObjects: 0.085900 ms)

AssetImportParameters requested are different than current active one (requested -> active):
  custom:video-decoder-ogg-theora: a1e56fd34408186e4bbccfd4996cb3dc -> 
  custom:container-muxer-webm: aa71ff27fc2769a1b78a27578f13a17b -> 
  custom:container-demuxer-webm: 4f35f7cbe854078d1ac9338744f61a02 -> 
  custom:video-encoder-webm-vp8: eb34c28f22e8b96e1ab97ce403110664 -> 
  custom:audio-encoder-webm-vorbis: bf7c407c2cedff20999df2af8eb42d56 -> 
  custom:framework-win-MediaFoundation: 216162199b28c13a410421893ffa2e32 -> 
  custom:container-demuxer-ogg: 62fdf1f143b41e24485cea50d1cbac27 -> 
  custom:video-decoder-webm-vp8: 9c59270c3fd7afecdb556c50c9e8de78 -> 
  custom:audio-decoder-ogg-vorbis: bf7c407c2cedff20999df2af8eb42d56 -> 
========================================================================
Received Prepare
Registering precompiled user dll's ...
Registered in 0.019012 seconds.
Begin MonoManager ReloadAssembly
Symbol file LoadedFromMemory doesn't match image C:\Users\Anderson\Documents\Aulas de Programação\Unity primeiro jogo\LongeDeCasa\Library\PackageCache\com.unity.visualscripting@1.7.8\Editor\VisualScripting.Core\Dependencies\YamlDotNet\Unity.VisualScripting.YamlDotNet.dll
Symbol file LoadedFromMemory doesn't match image C:\Users\Anderson\Documents\Aulas de Programação\Unity primeiro jogo\LongeDeCasa\Library\PackageCache\com.unity.visualscripting@1.7.8\Editor\VisualScripting.Core\Dependencies\DotNetZip\Unity.VisualScripting.IonicZip.dll
Native extension for WindowsStandalone target not found
Native extension for WebGL target not found
Refreshing native plugins compatible for Editor in 0.75 ms, found 3 plugins.
Preloading 0 native plugins for Editor in 0.00 ms.
Mono: successfully reloaded assembly
- Completed reload, in  1.507 seconds
Domain Reload Profiling:
	ReloadAssembly (1508ms)
		BeginReloadAssembly (221ms)
			ExecutionOrderSort (0ms)
			DisableScriptedObjects (7ms)
			BackupInstance (0ms)
			ReleaseScriptingObjects (0ms)
			CreateAndSetChildDomain (41ms)
		EndReloadAssembly (1099ms)
			LoadAssemblies (153ms)
			RebuildTransferFunctionScriptingTraits (0ms)
			SetupTypeCache (322ms)
			ReleaseScriptCaches (1ms)
			RebuildScriptCaches (46ms)
			SetupLoadedEditorAssemblies (523ms)
				LogAssemblyErrors (0ms)
				InitializePlatformSupportModulesInManaged (35ms)
				SetLoadedEditorAssemblies (1ms)
				RefreshPlugins (1ms)
				BeforeProcessingInitializeOnLoad (166ms)
				ProcessInitializeOnLoadAttributes (234ms)
				ProcessInitializeOnLoadMethodAttributes (37ms)
				AfterProcessingInitializeOnLoad (49ms)
				EditorAssembliesLoaded (0ms)
			ExecutionOrderSort2 (0ms)
			AwakeInstancesAfterBackupRestoration (9ms)
Platform modules already initialized, skipping
Refreshing native plugins compatible for Editor in 4.42 ms, found 3 plugins.
Preloading 0 native plugins for Editor in 0.00 ms.
Unloading 3375 Unused Serialized files (Serialized files now loaded: 0)
Unloading 20 unused Assets / (78.6 KB). Loaded Objects now: 3865.
Memory consumption went from 121.7 MB to 121.6 MB.
Total: 3.448800 ms (FindLiveObjects: 0.285700 ms CreateObjectMapping: 0.079100 ms MarkObjects: 2.979400 ms  DeleteObjects: 0.103200 ms)

AssetImportParameters requested are different than current active one (requested -> active):
  custom:video-decoder-ogg-theora: a1e56fd34408186e4bbccfd4996cb3dc -> 
  custom:container-muxer-webm: aa71ff27fc2769a1b78a27578f13a17b -> 
  custom:container-demuxer-webm: 4f35f7cbe854078d1ac9338744f61a02 -> 
  custom:video-encoder-webm-vp8: eb34c28f22e8b96e1ab97ce403110664 -> 
  custom:audio-encoder-webm-vorbis: bf7c407c2cedff20999df2af8eb42d56 -> 
  custom:framework-win-MediaFoundation: 216162199b28c13a410421893ffa2e32 -> 
  custom:container-demuxer-ogg: 62fdf1f143b41e24485cea50d1cbac27 -> 
  custom:video-decoder-webm-vp8: 9c59270c3fd7afecdb556c50c9e8de78 -> 
  custom:audio-decoder-ogg-vorbis: bf7c407c2cedff20999df2af8eb42d56 -> 
========================================================================
Received Import Request.
  Time since last request: 805.803526 seconds.
  path: Assets/Scenes
  artifactKey: Guid(6ea315d0fd7389c41b19996891e99ae3) Importer(815301076,1909f56bfc062723c751e8b465ee728b)
Start importing Assets/Scenes using Guid(6ea315d0fd7389c41b19996891e99ae3) Importer(815301076,1909f56bfc062723c751e8b465ee728b)  -> (artifact id: 'b8193726cff86800c54781cdc6d54904') in 0.010759 seconds 
========================================================================
Received Import Request.
  Time since last request: 16.440829 seconds.
  path: Assets/Cenas
  artifactKey: Guid(6ea315d0fd7389c41b19996891e99ae3) Importer(815301076,1909f56bfc062723c751e8b465ee728b)
Start importing Assets/Cenas using Guid(6ea315d0fd7389c41b19996891e99ae3) Importer(815301076,1909f56bfc062723c751e8b465ee728b)  -> (artifact id: 'a18ff691c704c004bd80f68925adfcda') in 0.004695 seconds 
========================================================================
Received Import Request.
  Time since last request: 107.331567 seconds.
  path: Assets/Prefabs
  artifactKey: Guid(90a5da19a9e0f1d43bb39a595a5a1442) Importer(815301076,1909f56bfc062723c751e8b465ee728b)
Start importing Assets/Prefabs using Guid(90a5da19a9e0f1d43bb39a595a5a1442) Importer(815301076,1909f56bfc062723c751e8b465ee728b)  -> (artifact id: '9191bfbab58fe49b5a1fac6368430231') in 0.005263 seconds 
========================================================================
Received Import Request.
  Time since last request: 29.674516 seconds.
  path: Assets/Scripts
  artifactKey: Guid(c9a7026fde7208846a4ffcea2e71eab3) Importer(815301076,1909f56bfc062723c751e8b465ee728b)
Start importing Assets/Scripts using Guid(c9a7026fde7208846a4ffcea2e71eab3) Importer(815301076,1909f56bfc062723c751e8b465ee728b)  -> (artifact id: 'b18baa327f4b35f66b8d723730e5eed6') in 0.005063 seconds 
========================================================================
Received Import Request.
  Time since last request: 21.763380 seconds.
  path: Assets/Materiais
  artifactKey: Guid(0af3a3df18fcc6a49b800257bfc4beaa) Importer(815301076,1909f56bfc062723c751e8b465ee728b)
Start importing Assets/Materiais using Guid(0af3a3df18fcc6a49b800257bfc4beaa) Importer(815301076,1909f56bfc062723c751e8b465ee728b)  -> (artifact id: '6ba825fe8b10fa98addb961457e77030') in 0.005453 seconds 
========================================================================
Received Import Request.
  Time since last request: 36.793228 seconds.
  path: Assets/SeguirJogador.cs
  artifactKey: Guid(70bdad8c4e664c6459b9f16d002c2380) Importer(815301076,1909f56bfc062723c751e8b465ee728b)
Start importing Assets/SeguirJogador.cs using Guid(70bdad8c4e664c6459b9f16d002c2380) Importer(815301076,1909f56bfc062723c751e8b465ee728b)  -> (artifact id: '5cf825556def7aee07f580ff8f014c09') in 0.004647 seconds 
========================================================================
Received Import Request.
  Time since last request: 1.246550 seconds.
  path: Assets/PlayerController.cs
  artifactKey: Guid(d95c57e088ad41e4a986f41f35040795) Importer(815301076,1909f56bfc062723c751e8b465ee728b)
Start importing Assets/PlayerController.cs using Guid(d95c57e088ad41e4a986f41f35040795) Importer(815301076,1909f56bfc062723c751e8b465ee728b)  -> (artifact id: 'b647fade1b5f21386ac946032a26a628') in 0.003864 seconds 
========================================================================
Received Prepare
Registering precompiled user dll's ...
Registered in 0.018804 seconds.
Begin MonoManager ReloadAssembly
Symbol file LoadedFromMemory doesn't match image C:\Users\Anderson\Documents\Aulas de Programação\Unity primeiro jogo\LongeDeCasa\Library\PackageCache\com.unity.visualscripting@1.7.8\Editor\VisualScripting.Core\Dependencies\YamlDotNet\Unity.VisualScripting.YamlDotNet.dll
Symbol file LoadedFromMemory doesn't match image C:\Users\Anderson\Documents\Aulas de Programação\Unity primeiro jogo\LongeDeCasa\Library\PackageCache\com.unity.visualscripting@1.7.8\Editor\VisualScripting.Core\Dependencies\DotNetZip\Unity.VisualScripting.IonicZip.dll
Native extension for WindowsStandalone target not found
Native extension for WebGL target not found
Refreshing native plugins compatible for Editor in 0.63 ms, found 3 plugins.
Preloading 0 native plugins for Editor in 0.00 ms.
Mono: successfully reloaded assembly
- Completed reload, in  1.407 seconds
Domain Reload Profiling:
	ReloadAssembly (1408ms)
		BeginReloadAssembly (208ms)
			ExecutionOrderSort (0ms)
			DisableScriptedObjects (7ms)
			BackupInstance (0ms)
			ReleaseScriptingObjects (0ms)
			CreateAndSetChildDomain (40ms)
		EndReloadAssembly (1020ms)
			LoadAssemblies (145ms)
			RebuildTransferFunctionScriptingTraits (0ms)
			SetupTypeCache (290ms)
			ReleaseScriptCaches (1ms)
			RebuildScriptCaches (43ms)
			SetupLoadedEditorAssemblies (489ms)
				LogAssemblyErrors (0ms)
				InitializePlatformSupportModulesInManaged (30ms)
				SetLoadedEditorAssemblies (1ms)
				RefreshPlugins (1ms)
				BeforeProcessingInitializeOnLoad (162ms)
				ProcessInitializeOnLoadAttributes (215ms)
				ProcessInitializeOnLoadMethodAttributes (32ms)
				AfterProcessingInitializeOnLoad (49ms)
				EditorAssembliesLoaded (0ms)
			ExecutionOrderSort2 (0ms)
			AwakeInstancesAfterBackupRestoration (8ms)
Platform modules already initialized, skipping
Refreshing native plugins compatible for Editor in 4.01 ms, found 3 plugins.
Preloading 0 native plugins for Editor in 0.00 ms.
Unloading 3375 Unused Serialized files (Serialized files now loaded: 0)
Unloading 20 unused Assets / (78.5 KB). Loaded Objects now: 3868.
Memory consumption went from 121.7 MB to 121.6 MB.
Total: 3.145200 ms (FindLiveObjects: 0.260700 ms CreateObjectMapping: 0.078900 ms MarkObjects: 2.714600 ms  DeleteObjects: 0.090200 ms)

AssetImportParameters requested are different than current active one (requested -> active):
  custom:video-decoder-ogg-theora: a1e56fd34408186e4bbccfd4996cb3dc -> 
  custom:container-muxer-webm: aa71ff27fc2769a1b78a27578f13a17b -> 
  custom:container-demuxer-webm: 4f35f7cbe854078d1ac9338744f61a02 -> 
  custom:video-encoder-webm-vp8: eb34c28f22e8b96e1ab97ce403110664 -> 
  custom:audio-encoder-webm-vorbis: bf7c407c2cedff20999df2af8eb42d56 -> 
  custom:framework-win-MediaFoundation: 216162199b28c13a410421893ffa2e32 -> 
  custom:container-demuxer-ogg: 62fdf1f143b41e24485cea50d1cbac27 -> 
  custom:video-decoder-webm-vp8: 9c59270c3fd7afecdb556c50c9e8de78 -> 
  custom:audio-decoder-ogg-vorbis: bf7c407c2cedff20999df2af8eb42d56 -> 
========================================================================
Received Import Request.
  Time since last request: 65.222138 seconds.
  path: Assets/Prefabs/Sub_Levels
  artifactKey: Guid(ee417509be5a71545b8d602a2defbe69) Importer(815301076,1909f56bfc062723c751e8b465ee728b)
Start importing Assets/Prefabs/Sub_Levels using Guid(ee417509be5a71545b8d602a2defbe69) Importer(815301076,1909f56bfc062723c751e8b465ee728b)  -> (artifact id: '413a827fa5356259d7ad731ff46f7121') in 0.010985 seconds 
========================================================================
Received Import Request.
  Time since last request: 12.016357 seconds.
  path: Assets/Prefabs/SubLevels
  artifactKey: Guid(ee417509be5a71545b8d602a2defbe69) Importer(815301076,1909f56bfc062723c751e8b465ee728b)
Start importing Assets/Prefabs/SubLevels using Guid(ee417509be5a71545b8d602a2defbe69) Importer(815301076,1909f56bfc062723c751e8b465ee728b)  -> (artifact id: '844f83c9464d7034d6034f8ccb75115c') in 0.005114 seconds 
